This file contains any messages produced by compilers while
running configure, to aid debugging if configure makes a mistake.

It was created by shadowsocks-libev configure 3.3.5, which was
generated by GNU Autoconf 2.69.  Invocation command line was

  $ ./configure 

## --------- ##
## Platform. ##
## --------- ##

hostname = localhost.localdomain
uname -m = x86_64
uname -r = 3.10.0-1160.el7.x86_64
uname -s = Linux
uname -v = #1 SMP Mon Oct 19 16:18:59 UTC 2020

/usr/bin/uname -p = x86_64
/bin/uname -X     = unknown

/bin/arch              = x86_64
/usr/bin/arch -k       = unknown
/usr/convex/getsysinfo = unknown
/usr/bin/hostinfo      = unknown
/bin/machine           = unknown
/usr/bin/oslevel       = unknown
/bin/universe          = unknown

PATH: /root/work/Tenon-Browser/jdk1.8.0_341/bin
PATH: /root/work/eth/go-ethereum/build/bin
PATH: /root/tools/clang+llvm-15.0.6-x86_64-linux-gnu-ubuntu-18.04/bin
PATH: /root/tools
PATH: /root/Zjchain-Browser/python3.10/bin
PATH: /root/tools/clang+llvm-15.0.6-aarch64-linux-gnu/bin
PATH: /root/tools/go/path/bin
PATH: /root/tools/protoc-3.6.1/bin
PATH: /root/tools/go/bin
PATH: /root/tools/cmake-3.25.1-linux-x86_64/bin
PATH: /usr/local/gcc-8.3.0/bin/
PATH: /root/.cargo/bin
PATH: /usr/local/sbin
PATH: /usr/local/bin
PATH: /usr/sbin
PATH: /usr/bin
PATH: /var/lib/snapd/snap/bin
PATH: /root/bin
PATH: /usr/local/gcc-8.3.0/bin/


## ----------- ##
## Core tests. ##
## ----------- ##

configure:2539: checking for gcc
configure:2566: result: /usr/local/gcc-8.3.0/bin/gcc
configure:2795: checking for C compiler version
configure:2804: /usr/local/gcc-8.3.0/bin/gcc --version >&5
gcc (GCC) 8.3.0
Copyright (C) 2018 Free Software Foundation, Inc.
This is free software; see the source for copying conditions.  There is NO
warranty; not even for MERCHANTABILITY or FITNESS FOR A PARTICULAR PURPOSE.

configure:2815: $? = 0
configure:2804: /usr/local/gcc-8.3.0/bin/gcc -v >&5
Using built-in specs.
COLLECT_GCC=/usr/local/gcc-8.3.0/bin/gcc
COLLECT_LTO_WRAPPER=/usr/local/gcc-8.3.0/libexec/gcc/x86_64-pc-linux-gnu/8.3.0/lto-wrapper
Target: x86_64-pc-linux-gnu
Configured with: ../configure --prefix=/usr/local/gcc-8.3.0 --enable-checking=release --enable-languages=c,c++ --disable-multilib
Thread model: posix
gcc version 8.3.0 (GCC) 
configure:2815: $? = 0
configure:2804: /usr/local/gcc-8.3.0/bin/gcc -V >&5
gcc: error: unrecognized command line option '-V'
gcc: fatal error: no input files
compilation terminated.
configure:2815: $? = 1
configure:2804: /usr/local/gcc-8.3.0/bin/gcc -qversion >&5
gcc: error: unrecognized command line option '-qversion'; did you mean '--version'?
gcc: fatal error: no input files
compilation terminated.
configure:2815: $? = 1
configure:2835: checking whether the C compiler works
configure:2857: /usr/local/gcc-8.3.0/bin/gcc    conftest.c  >&5
configure:2861: $? = 0
configure:2909: result: yes
configure:2912: checking for C compiler default output file name
configure:2914: result: a.out
configure:2920: checking for suffix of executables
configure:2927: /usr/local/gcc-8.3.0/bin/gcc -o conftest    conftest.c  >&5
configure:2931: $? = 0
configure:2953: result: 
configure:2975: checking whether we are cross compiling
configure:2983: /usr/local/gcc-8.3.0/bin/gcc -o conftest    conftest.c  >&5
configure:2987: $? = 0
configure:2994: ./conftest
configure:2998: $? = 0
configure:3013: result: no
configure:3018: checking for suffix of object files
configure:3040: /usr/local/gcc-8.3.0/bin/gcc -c   conftest.c >&5
configure:3044: $? = 0
configure:3065: result: o
configure:3069: checking whether we are using the GNU C compiler
configure:3088: /usr/local/gcc-8.3.0/bin/gcc -c   conftest.c >&5
configure:3088: $? = 0
configure:3097: result: yes
configure:3106: checking whether /usr/local/gcc-8.3.0/bin/gcc accepts -g
configure:3126: /usr/local/gcc-8.3.0/bin/gcc -c -g  conftest.c >&5
configure:3126: $? = 0
configure:3167: result: yes
configure:3184: checking for /usr/local/gcc-8.3.0/bin/gcc option to accept ISO C89
configure:3247: /usr/local/gcc-8.3.0/bin/gcc  -c -g -O2  conftest.c >&5
configure:3247: $? = 0
configure:3260: result: none needed
configure:3286: checking how to run the C preprocessor
configure:3317: /usr/local/gcc-8.3.0/bin/gcc -E  conftest.c
configure:3317: $? = 0
configure:3331: /usr/local/gcc-8.3.0/bin/gcc -E  conftest.c
conftest.c:9:10: fatal error: ac_nonexistent.h: No such file or directory
 #include <ac_nonexistent.h>
          ^~~~~~~~~~~~~~~~~~
compilation terminated.
configure:3331: $? = 1
configure: failed program was:
| /* confdefs.h */
| #define PACKAGE_NAME "shadowsocks-libev"
| #define PACKAGE_TARNAME "shadowsocks-libev"
| #define PACKAGE_VERSION "3.3.5"
| #define PACKAGE_STRING "shadowsocks-libev 3.3.5"
| #define PACKAGE_BUGREPORT "max.c.lv@gmail.com"
| #define PACKAGE_URL ""
| /* end confdefs.h.  */
| #include <ac_nonexistent.h>
configure:3356: result: /usr/local/gcc-8.3.0/bin/gcc -E
configure:3376: /usr/local/gcc-8.3.0/bin/gcc -E  conftest.c
configure:3376: $? = 0
configure:3390: /usr/local/gcc-8.3.0/bin/gcc -E  conftest.c
conftest.c:9:10: fatal error: ac_nonexistent.h: No such file or directory
 #include <ac_nonexistent.h>
          ^~~~~~~~~~~~~~~~~~
compilation terminated.
configure:3390: $? = 1
configure: failed program was:
| /* confdefs.h */
| #define PACKAGE_NAME "shadowsocks-libev"
| #define PACKAGE_TARNAME "shadowsocks-libev"
| #define PACKAGE_VERSION "3.3.5"
| #define PACKAGE_STRING "shadowsocks-libev 3.3.5"
| #define PACKAGE_BUGREPORT "max.c.lv@gmail.com"
| #define PACKAGE_URL ""
| /* end confdefs.h.  */
| #include <ac_nonexistent.h>
configure:3419: checking for grep that handles long lines and -e
configure:3477: result: /usr/bin/grep
configure:3482: checking for egrep
configure:3544: result: /usr/bin/grep -E
configure:3549: checking for ANSI C header files
configure:3569: /usr/local/gcc-8.3.0/bin/gcc -c -g -O2  conftest.c >&5
configure:3569: $? = 0
configure:3642: /usr/local/gcc-8.3.0/bin/gcc -o conftest -g -O2   conftest.c  >&5
configure:3642: $? = 0
configure:3642: ./conftest
configure:3642: $? = 0
configure:3653: result: yes
configure:3666: checking for sys/types.h
configure:3666: /usr/local/gcc-8.3.0/bin/gcc -c -g -O2  conftest.c >&5
configure:3666: $? = 0
configure:3666: result: yes
configure:3666: checking for sys/stat.h
configure:3666: /usr/local/gcc-8.3.0/bin/gcc -c -g -O2  conftest.c >&5
configure:3666: $? = 0
configure:3666: result: yes
configure:3666: checking for stdlib.h
configure:3666: /usr/local/gcc-8.3.0/bin/gcc -c -g -O2  conftest.c >&5
configure:3666: $? = 0
configure:3666: result: yes
configure:3666: checking for string.h
configure:3666: /usr/local/gcc-8.3.0/bin/gcc -c -g -O2  conftest.c >&5
configure:3666: $? = 0
configure:3666: result: yes
configure:3666: checking for memory.h
configure:3666: /usr/local/gcc-8.3.0/bin/gcc -c -g -O2  conftest.c >&5
configure:3666: $? = 0
configure:3666: result: yes
configure:3666: checking for strings.h
configure:3666: /usr/local/gcc-8.3.0/bin/gcc -c -g -O2  conftest.c >&5
configure:3666: $? = 0
configure:3666: result: yes
configure:3666: checking for inttypes.h
configure:3666: /usr/local/gcc-8.3.0/bin/gcc -c -g -O2  conftest.c >&5
configure:3666: $? = 0
configure:3666: result: yes
configure:3666: checking for stdint.h
configure:3666: /usr/local/gcc-8.3.0/bin/gcc -c -g -O2  conftest.c >&5
configure:3666: $? = 0
configure:3666: result: yes
configure:3666: checking for unistd.h
configure:3666: /usr/local/gcc-8.3.0/bin/gcc -c -g -O2  conftest.c >&5
configure:3666: $? = 0
configure:3666: result: yes
configure:3679: checking minix/config.h usability
configure:3679: /usr/local/gcc-8.3.0/bin/gcc -c -g -O2  conftest.c >&5
conftest.c:52:10: fatal error: minix/config.h: No such file or directory
 #include <minix/config.h>
          ^~~~~~~~~~~~~~~~
compilation terminated.
configure:3679: $? = 1
configure: failed program was:
| /* confdefs.h */
| #define PACKAGE_NAME "shadowsocks-libev"
| #define PACKAGE_TARNAME "shadowsocks-libev"
| #define PACKAGE_VERSION "3.3.5"
| #define PACKAGE_STRING "shadowsocks-libev 3.3.5"
| #define PACKAGE_BUGREPORT "max.c.lv@gmail.com"
| #define PACKAGE_URL ""
| #define STDC_HEADERS 1
| #define HAVE_SYS_TYPES_H 1
| #define HAVE_SYS_STAT_H 1
| #define HAVE_STDLIB_H 1
| #define HAVE_STRING_H 1
| #define HAVE_MEMORY_H 1
| #define HAVE_STRINGS_H 1
| #define HAVE_INTTYPES_H 1
| #define HAVE_STDINT_H 1
| #define HAVE_UNISTD_H 1
| /* end confdefs.h.  */
| #include <stdio.h>
| #ifdef HAVE_SYS_TYPES_H
| # include <sys/types.h>
| #endif
| #ifdef HAVE_SYS_STAT_H
| # include <sys/stat.h>
| #endif
| #ifdef STDC_HEADERS
| # include <stdlib.h>
| # include <stddef.h>
| #else
| # ifdef HAVE_STDLIB_H
| #  include <stdlib.h>
| # endif
| #endif
| #ifdef HAVE_STRING_H
| # if !defined STDC_HEADERS && defined HAVE_MEMORY_H
| #  include <memory.h>
| # endif
| # include <string.h>
| #endif
| #ifdef HAVE_STRINGS_H
| # include <strings.h>
| #endif
| #ifdef HAVE_INTTYPES_H
| # include <inttypes.h>
| #endif
| #ifdef HAVE_STDINT_H
| # include <stdint.h>
| #endif
| #ifdef HAVE_UNISTD_H
| # include <unistd.h>
| #endif
| #include <minix/config.h>
configure:3679: result: no
configure:3679: checking minix/config.h presence
configure:3679: /usr/local/gcc-8.3.0/bin/gcc -E  conftest.c
conftest.c:19:10: fatal error: minix/config.h: No such file or directory
 #include <minix/config.h>
          ^~~~~~~~~~~~~~~~
compilation terminated.
configure:3679: $? = 1
configure: failed program was:
| /* confdefs.h */
| #define PACKAGE_NAME "shadowsocks-libev"
| #define PACKAGE_TARNAME "shadowsocks-libev"
| #define PACKAGE_VERSION "3.3.5"
| #define PACKAGE_STRING "shadowsocks-libev 3.3.5"
| #define PACKAGE_BUGREPORT "max.c.lv@gmail.com"
| #define PACKAGE_URL ""
| #define STDC_HEADERS 1
| #define HAVE_SYS_TYPES_H 1
| #define HAVE_SYS_STAT_H 1
| #define HAVE_STDLIB_H 1
| #define HAVE_STRING_H 1
| #define HAVE_MEMORY_H 1
| #define HAVE_STRINGS_H 1
| #define HAVE_INTTYPES_H 1
| #define HAVE_STDINT_H 1
| #define HAVE_UNISTD_H 1
| /* end confdefs.h.  */
| #include <minix/config.h>
configure:3679: result: no
configure:3679: checking for minix/config.h
configure:3679: result: no
configure:3700: checking whether it is safe to define __EXTENSIONS__
configure:3718: /usr/local/gcc-8.3.0/bin/gcc -c -g -O2  conftest.c >&5
configure:3718: $? = 0
configure:3725: result: yes
configure:3756: checking for a BSD-compatible install
configure:3824: result: /usr/bin/install -c
configure:3835: checking whether build environment is sane
configure:3890: result: yes
configure:4041: checking for a thread-safe mkdir -p
configure:4080: result: /usr/bin/mkdir -p
configure:4087: checking for gawk
configure:4103: found /usr/bin/gawk
configure:4114: result: gawk
configure:4125: checking whether make sets $(MAKE)
configure:4147: result: yes
configure:4177: checking for style of include used by make
configure:4205: result: GNU
configure:4239: checking whether make supports nested variables
configure:4256: result: yes
configure:4341: checking dependency style of /usr/local/gcc-8.3.0/bin/gcc
configure:4452: result: gcc3
configure:4517: checking for ar
configure:4533: found /usr/bin/ar
configure:4544: result: ar
configure:4570: checking the archiver (ar) interface
configure:4580: /usr/local/gcc-8.3.0/bin/gcc -c -g -O2  conftest.c >&5
configure:4580: $? = 0
configure:4582: ar cru libconftest.a conftest.o >&5
configure:4585: $? = 0
configure:4608: result: ar
configure:4639: checking whether make supports nested variables
configure:4656: result: yes
configure:4668: checking whether to enable maintainer-specific portions of Makefiles
configure:4677: result: no
configure:4801: checking build system type
configure:4815: result: x86_64-unknown-linux-gnu
configure:4835: checking host system type
configure:4848: result: x86_64-unknown-linux-gnu
configure:4889: checking how to print strings
configure:4916: result: printf
configure:4937: checking for a sed that does not truncate output
configure:5001: result: /usr/bin/sed
configure:5019: checking for fgrep
configure:5081: result: /usr/bin/grep -F
configure:5116: checking for ld used by /usr/local/gcc-8.3.0/bin/gcc
configure:5183: result: /usr/bin/ld
configure:5190: checking if the linker (/usr/bin/ld) is GNU ld
configure:5205: result: yes
configure:5217: checking for BSD- or MS-compatible name lister (nm)
configure:5266: result: /usr/bin/nm -B
configure:5396: checking the name lister (/usr/bin/nm -B) interface
configure:5403: /usr/local/gcc-8.3.0/bin/gcc -c -g -O2  conftest.c >&5
configure:5406: /usr/bin/nm -B "conftest.o"
configure:5409: output
0000000000000000 B some_variable
configure:5416: result: BSD nm
configure:5419: checking whether ln -s works
configure:5423: result: yes
configure:5431: checking the maximum length of command line arguments
configure:5561: result: 1572864
configure:5578: checking whether the shell understands some XSI constructs
configure:5588: result: yes
configure:5592: checking whether the shell understands "+="
configure:5598: result: yes
configure:5633: checking how to convert x86_64-unknown-linux-gnu file names to x86_64-unknown-linux-gnu format
configure:5673: result: func_convert_file_noop
configure:5680: checking how to convert x86_64-unknown-linux-gnu file names to toolchain format
configure:5700: result: func_convert_file_noop
configure:5707: checking for /usr/bin/ld option to reload object files
configure:5714: result: -r
configure:5788: checking for objdump
configure:5804: found /usr/bin/objdump
configure:5815: result: objdump
configure:5847: checking how to recognize dependent libraries
configure:6049: result: pass_all
configure:6134: checking for dlltool
configure:6164: result: no
configure:6194: checking how to associate runtime and link libraries
configure:6221: result: printf %s\n
configure:6345: checking for archiver @FILE support
configure:6362: /usr/local/gcc-8.3.0/bin/gcc -c -g -O2  conftest.c >&5
configure:6362: $? = 0
configure:6365: ar cru libconftest.a @conftest.lst >&5
configure:6368: $? = 0
configure:6373: ar cru libconftest.a @conftest.lst >&5
ar: conftest.o: No such file or directory
configure:6376: $? = 1
configure:6388: result: @
configure:6446: checking for strip
configure:6462: found /usr/bin/strip
configure:6473: result: strip
configure:6545: checking for ranlib
configure:6561: found /usr/bin/ranlib
configure:6572: result: ranlib
configure:6674: checking command to parse /usr/bin/nm -B output from /usr/local/gcc-8.3.0/bin/gcc object
configure:6794: /usr/local/gcc-8.3.0/bin/gcc -c -g -O2  conftest.c >&5
configure:6797: $? = 0
configure:6801: /usr/bin/nm -B conftest.o \| sed -n -e 's/^.*[ ]\([ABCDGIRSTW][ABCDGIRSTW]*\)[ ][ ]*\([_A-Za-z][_A-Za-z0-9]*\)$/\1 \2 \2/p' | sed '/ __gnu_lto/d' \> conftest.nm
configure:6804: $? = 0
configure:6870: /usr/local/gcc-8.3.0/bin/gcc -o conftest -g -O2   conftest.c conftstm.o >&5
configure:6873: $? = 0
configure:6911: result: ok
configure:6948: checking for sysroot
configure:6978: result: no
configure:7055: /usr/local/gcc-8.3.0/bin/gcc -c -g -O2  conftest.c >&5
configure:7058: $? = 0
configure:7234: checking for mt
configure:7264: result: no
configure:7284: checking if : is a manifest tool
configure:7290: : '-?'
configure:7298: result: no
configure:7937: checking for dlfcn.h
configure:7937: /usr/local/gcc-8.3.0/bin/gcc -c -g -O2  conftest.c >&5
configure:7937: $? = 0
configure:7937: result: yes
configure:8082: checking for objdir
configure:8097: result: .libs
configure:8368: checking if /usr/local/gcc-8.3.0/bin/gcc supports -fno-rtti -fno-exceptions
configure:8386: /usr/local/gcc-8.3.0/bin/gcc -c -g -O2  -fno-rtti -fno-exceptions conftest.c >&5
cc1: warning: command line option '-fno-rtti' is valid for C++/ObjC++ but not for C
configure:8390: $? = 0
configure:8403: result: no
configure:8730: checking for /usr/local/gcc-8.3.0/bin/gcc option to produce PIC
configure:8737: result: -fPIC -DPIC
configure:8745: checking if /usr/local/gcc-8.3.0/bin/gcc PIC flag -fPIC -DPIC works
configure:8763: /usr/local/gcc-8.3.0/bin/gcc -c -g -O2  -fPIC -DPIC -DPIC conftest.c >&5
configure:8767: $? = 0
configure:8780: result: yes
configure:8809: checking if /usr/local/gcc-8.3.0/bin/gcc static flag -static works
configure:8837: result: yes
configure:8852: checking if /usr/local/gcc-8.3.0/bin/gcc supports -c -o file.o
configure:8873: /usr/local/gcc-8.3.0/bin/gcc -c -g -O2  -o out/conftest2.o conftest.c >&5
configure:8877: $? = 0
configure:8899: result: yes
configure:8907: checking if /usr/local/gcc-8.3.0/bin/gcc supports -c -o file.o
configure:8954: result: yes
configure:8987: checking whether the /usr/local/gcc-8.3.0/bin/gcc linker (/usr/bin/ld -m elf_x86_64) supports shared libraries
configure:10140: result: yes
configure:10380: checking dynamic linker characteristics
configure:10891: /usr/local/gcc-8.3.0/bin/gcc -o conftest -g -O2   -Wl,-rpath -Wl,/foo conftest.c  >&5
configure:10891: $? = 0
configure:11117: result: GNU/Linux ld.so
configure:11224: checking how to hardcode library paths into programs
configure:11249: result: immediate
configure:11343: checking for shl_load
configure:11343: /usr/local/gcc-8.3.0/bin/gcc -o conftest -g -O2   conftest.c  >&5
/tmp/cc7YOxrG.o: In function `main':
/root/BVPN/third_party/shadowsocks-libev/conftest.c:62: undefined reference to `shl_load'
collect2: error: ld returned 1 exit status
configure:11343: $? = 1
configure: failed program was:
| /* confdefs.h */
| #define PACKAGE_NAME "shadowsocks-libev"
| #define PACKAGE_TARNAME "shadowsocks-libev"
| #define PACKAGE_VERSION "3.3.5"
| #define PACKAGE_STRING "shadowsocks-libev 3.3.5"
| #define PACKAGE_BUGREPORT "max.c.lv@gmail.com"
| #define PACKAGE_URL ""
| #define STDC_HEADERS 1
| #define HAVE_SYS_TYPES_H 1
| #define HAVE_SYS_STAT_H 1
| #define HAVE_STDLIB_H 1
| #define HAVE_STRING_H 1
| #define HAVE_MEMORY_H 1
| #define HAVE_STRINGS_H 1
| #define HAVE_INTTYPES_H 1
| #define HAVE_STDINT_H 1
| #define HAVE_UNISTD_H 1
| #define __EXTENSIONS__ 1
| #define _ALL_SOURCE 1
| #define _GNU_SOURCE 1
| #define _POSIX_PTHREAD_SEMANTICS 1
| #define _TANDEM_SOURCE 1
| #define PACKAGE "shadowsocks-libev"
| #define VERSION "3.3.5"
| #define HAVE_DLFCN_H 1
| #define LT_OBJDIR ".libs/"
| /* end confdefs.h.  */
| /* Define shl_load to an innocuous variant, in case <limits.h> declares shl_load.
|    For example, HP-UX 11i <limits.h> declares gettimeofday.  */
| #define shl_load innocuous_shl_load
| 
| /* System header to define __stub macros and hopefully few prototypes,
|     which can conflict with char shl_load (); below.
|     Prefer <limits.h> to <assert.h> if __STDC__ is defined, since
|     <limits.h> exists even on freestanding compilers.  */
| 
| #ifdef __STDC__
| # include <limits.h>
| #else
| # include <assert.h>
| #endif
| 
| #undef shl_load
| 
| /* Override any GCC internal prototype to avoid an error.
|    Use char because int might match the return type of a GCC
|    builtin and then its argument prototype would still apply.  */
| #ifdef __cplusplus
| extern "C"
| #endif
| char shl_load ();
| /* The GNU C library defines this for functions which it implements
|     to always fail with ENOSYS.  Some functions are actually named
|     something starting with __ and the normal name is an alias.  */
| #if defined __stub_shl_load || defined __stub___shl_load
| choke me
| #endif
| 
| int
| main ()
| {
| return shl_load ();
|   ;
|   return 0;
| }
configure:11343: result: no
configure:11347: checking for shl_load in -ldld
configure:11372: /usr/local/gcc-8.3.0/bin/gcc -o conftest -g -O2   conftest.c -ldld   >&5
/usr/bin/ld: cannot find -ldld
collect2: error: ld returned 1 exit status
configure:11372: $? = 1
configure: failed program was:
| /* confdefs.h */
| #define PACKAGE_NAME "shadowsocks-libev"
| #define PACKAGE_TARNAME "shadowsocks-libev"
| #define PACKAGE_VERSION "3.3.5"
| #define PACKAGE_STRING "shadowsocks-libev 3.3.5"
| #define PACKAGE_BUGREPORT "max.c.lv@gmail.com"
| #define PACKAGE_URL ""
| #define STDC_HEADERS 1
| #define HAVE_SYS_TYPES_H 1
| #define HAVE_SYS_STAT_H 1
| #define HAVE_STDLIB_H 1
| #define HAVE_STRING_H 1
| #define HAVE_MEMORY_H 1
| #define HAVE_STRINGS_H 1
| #define HAVE_INTTYPES_H 1
| #define HAVE_STDINT_H 1
| #define HAVE_UNISTD_H 1
| #define __EXTENSIONS__ 1
| #define _ALL_SOURCE 1
| #define _GNU_SOURCE 1
| #define _POSIX_PTHREAD_SEMANTICS 1
| #define _TANDEM_SOURCE 1
| #define PACKAGE "shadowsocks-libev"
| #define VERSION "3.3.5"
| #define HAVE_DLFCN_H 1
| #define LT_OBJDIR ".libs/"
| /* end confdefs.h.  */
| 
| /* Override any GCC internal prototype to avoid an error.
|    Use char because int might match the return type of a GCC
|    builtin and then its argument prototype would still apply.  */
| #ifdef __cplusplus
| extern "C"
| #endif
| char shl_load ();
| int
| main ()
| {
| return shl_load ();
|   ;
|   return 0;
| }
configure:11381: result: no
configure:11386: checking for dlopen
configure:11386: /usr/local/gcc-8.3.0/bin/gcc -o conftest -g -O2   conftest.c  >&5
/tmp/ccjVE8GL.o: In function `main':
/root/BVPN/third_party/shadowsocks-libev/conftest.c:62: undefined reference to `dlopen'
collect2: error: ld returned 1 exit status
configure:11386: $? = 1
configure: failed program was:
| /* confdefs.h */
| #define PACKAGE_NAME "shadowsocks-libev"
| #define PACKAGE_TARNAME "shadowsocks-libev"
| #define PACKAGE_VERSION "3.3.5"
| #define PACKAGE_STRING "shadowsocks-libev 3.3.5"
| #define PACKAGE_BUGREPORT "max.c.lv@gmail.com"
| #define PACKAGE_URL ""
| #define STDC_HEADERS 1
| #define HAVE_SYS_TYPES_H 1
| #define HAVE_SYS_STAT_H 1
| #define HAVE_STDLIB_H 1
| #define HAVE_STRING_H 1
| #define HAVE_MEMORY_H 1
| #define HAVE_STRINGS_H 1
| #define HAVE_INTTYPES_H 1
| #define HAVE_STDINT_H 1
| #define HAVE_UNISTD_H 1
| #define __EXTENSIONS__ 1
| #define _ALL_SOURCE 1
| #define _GNU_SOURCE 1
| #define _POSIX_PTHREAD_SEMANTICS 1
| #define _TANDEM_SOURCE 1
| #define PACKAGE "shadowsocks-libev"
| #define VERSION "3.3.5"
| #define HAVE_DLFCN_H 1
| #define LT_OBJDIR ".libs/"
| /* end confdefs.h.  */
| /* Define dlopen to an innocuous variant, in case <limits.h> declares dlopen.
|    For example, HP-UX 11i <limits.h> declares gettimeofday.  */
| #define dlopen innocuous_dlopen
| 
| /* System header to define __stub macros and hopefully few prototypes,
|     which can conflict with char dlopen (); below.
|     Prefer <limits.h> to <assert.h> if __STDC__ is defined, since
|     <limits.h> exists even on freestanding compilers.  */
| 
| #ifdef __STDC__
| # include <limits.h>
| #else
| # include <assert.h>
| #endif
| 
| #undef dlopen
| 
| /* Override any GCC internal prototype to avoid an error.
|    Use char because int might match the return type of a GCC
|    builtin and then its argument prototype would still apply.  */
| #ifdef __cplusplus
| extern "C"
| #endif
| char dlopen ();
| /* The GNU C library defines this for functions which it implements
|     to always fail with ENOSYS.  Some functions are actually named
|     something starting with __ and the normal name is an alias.  */
| #if defined __stub_dlopen || defined __stub___dlopen
| choke me
| #endif
| 
| int
| main ()
| {
| return dlopen ();
|   ;
|   return 0;
| }
configure:11386: result: no
configure:11390: checking for dlopen in -ldl
configure:11415: /usr/local/gcc-8.3.0/bin/gcc -o conftest -g -O2   conftest.c -ldl   >&5
configure:11415: $? = 0
configure:11424: result: yes
configure:11543: checking whether a program can dlopen itself
configure:11623: /usr/local/gcc-8.3.0/bin/gcc -o conftest -g -O2  -DHAVE_DLFCN_H  -Wl,--export-dynamic conftest.c -ldl  >&5
configure:11626: $? = 0
configure:11644: result: yes
configure:11649: checking whether a statically linked program can dlopen itself
configure:11729: /usr/local/gcc-8.3.0/bin/gcc -o conftest -g -O2  -DHAVE_DLFCN_H  -Wl,--export-dynamic -static conftest.c -ldl  >&5
/tmp/cc4BD13S.o: In function `main':
/root/BVPN/third_party/shadowsocks-libev/configure:11708: warning: Using 'dlopen' in statically linked applications requires at runtime the shared libraries from the glibc version used for linking
/usr/bin/ld: dynamic STT_GNU_IFUNC symbol `strcmp' with pointer equality in `/lib/../lib64/libc.a(strcmp.o)' can not be used when making an executable; recompile with -fPIE and relink with -pie
collect2: error: ld returned 1 exit status
configure:11732: $? = 1
configure:11750: result: no
configure:11789: checking whether stripping libraries is possible
configure:11794: result: yes
configure:11829: checking if libtool supports shared libraries
configure:11831: result: yes
configure:11834: checking whether to build shared libraries
configure:11855: result: no
configure:11858: checking whether to build static libraries
configure:11862: result: yes
configure:11931: checking for pcre-config
configure:11947: found /usr/bin/pcre-config
configure:11958: result: pcre-config
configure:12005: checking for pcre headers in 
configure:12011: result: not found
configure:12113: checking for library containing pcre_exec
configure:12144: /usr/local/gcc-8.3.0/bin/gcc -o conftest -g -O2   conftest.c  >&5
/tmp/ccG1dtcY.o: In function `main':
/root/BVPN/third_party/shadowsocks-libev/conftest.c:39: undefined reference to `pcre_exec'
collect2: error: ld returned 1 exit status
configure:12144: $? = 1
configure: failed program was:
| /* confdefs.h */
| #define PACKAGE_NAME "shadowsocks-libev"
| #define PACKAGE_TARNAME "shadowsocks-libev"
| #define PACKAGE_VERSION "3.3.5"
| #define PACKAGE_STRING "shadowsocks-libev 3.3.5"
| #define PACKAGE_BUGREPORT "max.c.lv@gmail.com"
| #define PACKAGE_URL ""
| #define STDC_HEADERS 1
| #define HAVE_SYS_TYPES_H 1
| #define HAVE_SYS_STAT_H 1
| #define HAVE_STDLIB_H 1
| #define HAVE_STRING_H 1
| #define HAVE_MEMORY_H 1
| #define HAVE_STRINGS_H 1
| #define HAVE_INTTYPES_H 1
| #define HAVE_STDINT_H 1
| #define HAVE_UNISTD_H 1
| #define __EXTENSIONS__ 1
| #define _ALL_SOURCE 1
| #define _GNU_SOURCE 1
| #define _POSIX_PTHREAD_SEMANTICS 1
| #define _TANDEM_SOURCE 1
| #define PACKAGE "shadowsocks-libev"
| #define VERSION "3.3.5"
| #define HAVE_DLFCN_H 1
| #define LT_OBJDIR ".libs/"
| /* end confdefs.h.  */
| 
| /* Override any GCC internal prototype to avoid an error.
|    Use char because int might match the return type of a GCC
|    builtin and then its argument prototype would still apply.  */
| #ifdef __cplusplus
| extern "C"
| #endif
| char pcre_exec ();
| int
| main ()
| {
| return pcre_exec ();
|   ;
|   return 0;
| }
configure:12144: /usr/local/gcc-8.3.0/bin/gcc -o conftest -g -O2   conftest.c -lpcre   >&5
configure:12144: $? = 0
configure:12161: result: -lpcre
configure:12172: checking pcre.h usability
configure:12172: /usr/local/gcc-8.3.0/bin/gcc -c -g -O2  conftest.c >&5
configure:12172: $? = 0
configure:12172: result: yes
configure:12172: checking pcre.h presence
configure:12172: /usr/local/gcc-8.3.0/bin/gcc -E  conftest.c
configure:12172: $? = 0
configure:12172: result: yes
configure:12172: checking for pcre.h
configure:12172: result: yes
configure:12184: checking pcre/pcre.h usability
configure:12184: /usr/local/gcc-8.3.0/bin/gcc -c -g -O2  conftest.c >&5
conftest.c:62:10: fatal error: pcre/pcre.h: No such file or directory
 #include <pcre/pcre.h>
          ^~~~~~~~~~~~~
compilation terminated.
configure:12184: $? = 1
configure: failed program was:
| /* confdefs.h */
| #define PACKAGE_NAME "shadowsocks-libev"
| #define PACKAGE_TARNAME "shadowsocks-libev"
| #define PACKAGE_VERSION "3.3.5"
| #define PACKAGE_STRING "shadowsocks-libev 3.3.5"
| #define PACKAGE_BUGREPORT "max.c.lv@gmail.com"
| #define PACKAGE_URL ""
| #define STDC_HEADERS 1
| #define HAVE_SYS_TYPES_H 1
| #define HAVE_SYS_STAT_H 1
| #define HAVE_STDLIB_H 1
| #define HAVE_STRING_H 1
| #define HAVE_MEMORY_H 1
| #define HAVE_STRINGS_H 1
| #define HAVE_INTTYPES_H 1
| #define HAVE_STDINT_H 1
| #define HAVE_UNISTD_H 1
| #define __EXTENSIONS__ 1
| #define _ALL_SOURCE 1
| #define _GNU_SOURCE 1
| #define _POSIX_PTHREAD_SEMANTICS 1
| #define _TANDEM_SOURCE 1
| #define PACKAGE "shadowsocks-libev"
| #define VERSION "3.3.5"
| #define HAVE_DLFCN_H 1
| #define LT_OBJDIR ".libs/"
| #define HAVE_PCRE_H 1
| /* end confdefs.h.  */
| #include <stdio.h>
| #ifdef HAVE_SYS_TYPES_H
| # include <sys/types.h>
| #endif
| #ifdef HAVE_SYS_STAT_H
| # include <sys/stat.h>
| #endif
| #ifdef STDC_HEADERS
| # include <stdlib.h>
| # include <stddef.h>
| #else
| # ifdef HAVE_STDLIB_H
| #  include <stdlib.h>
| # endif
| #endif
| #ifdef HAVE_STRING_H
| # if !defined STDC_HEADERS && defined HAVE_MEMORY_H
| #  include <memory.h>
| # endif
| # include <string.h>
| #endif
| #ifdef HAVE_STRINGS_H
| # include <strings.h>
| #endif
| #ifdef HAVE_INTTYPES_H
| # include <inttypes.h>
| #endif
| #ifdef HAVE_STDINT_H
| # include <stdint.h>
| #endif
| #ifdef HAVE_UNISTD_H
| # include <unistd.h>
| #endif
| #include <pcre/pcre.h>
configure:12184: result: no
configure:12184: checking pcre/pcre.h presence
configure:12184: /usr/local/gcc-8.3.0/bin/gcc -E  conftest.c
conftest.c:29:10: fatal error: pcre/pcre.h: No such file or directory
 #include <pcre/pcre.h>
          ^~~~~~~~~~~~~
compilation terminated.
configure:12184: $? = 1
configure: failed program was:
| /* confdefs.h */
| #define PACKAGE_NAME "shadowsocks-libev"
| #define PACKAGE_TARNAME "shadowsocks-libev"
| #define PACKAGE_VERSION "3.3.5"
| #define PACKAGE_STRING "shadowsocks-libev 3.3.5"
| #define PACKAGE_BUGREPORT "max.c.lv@gmail.com"
| #define PACKAGE_URL ""
| #define STDC_HEADERS 1
| #define HAVE_SYS_TYPES_H 1
| #define HAVE_SYS_STAT_H 1
| #define HAVE_STDLIB_H 1
| #define HAVE_STRING_H 1
| #define HAVE_MEMORY_H 1
| #define HAVE_STRINGS_H 1
| #define HAVE_INTTYPES_H 1
| #define HAVE_STDINT_H 1
| #define HAVE_UNISTD_H 1
| #define __EXTENSIONS__ 1
| #define _ALL_SOURCE 1
| #define _GNU_SOURCE 1
| #define _POSIX_PTHREAD_SEMANTICS 1
| #define _TANDEM_SOURCE 1
| #define PACKAGE "shadowsocks-libev"
| #define VERSION "3.3.5"
| #define HAVE_DLFCN_H 1
| #define LT_OBJDIR ".libs/"
| #define HAVE_PCRE_H 1
| /* end confdefs.h.  */
| #include <pcre/pcre.h>
configure:12184: result: no
configure:12184: checking for pcre/pcre.h
configure:12184: result: no
configure:12255: checking for asciidoc
configure:12273: found /usr/bin/asciidoc
configure:12285: result: /usr/bin/asciidoc
configure:12296: checking for xmlto
configure:12314: found /usr/bin/xmlto
configure:12326: result: /usr/bin/xmlto
configure:12337: checking for gzip
configure:12355: found /usr/bin/gzip
configure:12368: result: /usr/bin/gzip
configure:12378: checking for mv
configure:12396: found /usr/bin/mv
configure:12409: result: /usr/bin/mv
configure:12417: checking for a sed that does not truncate output
configure:12481: result: /usr/bin/sed
configure:12537: checking for gcc
configure:12564: result: /usr/local/gcc-8.3.0/bin/gcc
configure:12793: checking for C compiler version
configure:12802: /usr/local/gcc-8.3.0/bin/gcc --version >&5
gcc (GCC) 8.3.0
Copyright (C) 2018 Free Software Foundation, Inc.
This is free software; see the source for copying conditions.  There is NO
warranty; not even for MERCHANTABILITY or FITNESS FOR A PARTICULAR PURPOSE.

configure:12813: $? = 0
configure:12802: /usr/local/gcc-8.3.0/bin/gcc -v >&5
Using built-in specs.
COLLECT_GCC=/usr/local/gcc-8.3.0/bin/gcc
COLLECT_LTO_WRAPPER=/usr/local/gcc-8.3.0/libexec/gcc/x86_64-pc-linux-gnu/8.3.0/lto-wrapper
Target: x86_64-pc-linux-gnu
Configured with: ../configure --prefix=/usr/local/gcc-8.3.0 --enable-checking=release --enable-languages=c,c++ --disable-multilib
Thread model: posix
gcc version 8.3.0 (GCC) 
configure:12813: $? = 0
configure:12802: /usr/local/gcc-8.3.0/bin/gcc -V >&5
gcc: error: unrecognized command line option '-V'
gcc: fatal error: no input files
compilation terminated.
configure:12813: $? = 1
configure:12802: /usr/local/gcc-8.3.0/bin/gcc -qversion >&5
gcc: error: unrecognized command line option '-qversion'; did you mean '--version'?
gcc: fatal error: no input files
compilation terminated.
configure:12813: $? = 1
configure:12817: checking whether we are using the GNU C compiler
configure:12845: result: yes
configure:12854: checking whether /usr/local/gcc-8.3.0/bin/gcc accepts -g
configure:12915: result: yes
configure:12932: checking for /usr/local/gcc-8.3.0/bin/gcc option to accept ISO C89
configure:13008: result: none needed
configure:13029: checking whether /usr/local/gcc-8.3.0/bin/gcc and cc understand -c and -o together
configure:13060: /usr/local/gcc-8.3.0/bin/gcc -c conftest.c -o conftest2.o >&5
configure:13064: $? = 0
configure:13070: /usr/local/gcc-8.3.0/bin/gcc -c conftest.c -o conftest2.o >&5
configure:13074: $? = 0
configure:13085: cc -c conftest.c >&5
configure:13089: $? = 0
configure:13097: cc -c conftest.c -o conftest2.o >&5
configure:13101: $? = 0
configure:13107: cc -c conftest.c -o conftest2.o >&5
configure:13111: $? = 0
configure:13129: result: yes
configure:13155: checking whether ln -s works
configure:13159: result: yes
configure:13166: checking whether make sets $(MAKE)
configure:13188: result: yes
configure:13212: checking for thread local storage (TLS) class
configure:13238: /usr/local/gcc-8.3.0/bin/gcc -c -g -O2  conftest.c >&5
configure:13238: $? = 0
configure:13250: result: __thread
configure:13295: checking for mbedtls_cipher_setup in -lmbedcrypto
configure:13320: /usr/local/gcc-8.3.0/bin/gcc -o conftest -g -O2   conftest.c -lmbedcrypto  -lpcre  >&5
configure:13320: $? = 0
configure:13329: result: yes
configure:13339: checking whether mbedtls supports Cipher Feedback mode or not
configure:13359: /usr/local/gcc-8.3.0/bin/gcc -c -g -O2  conftest.c >&5
configure:13359: $? = 0
configure:13360: result: ok
configure:13369: checking whether mbedtls supports the ARC4 stream cipher or not
configure:13389: /usr/local/gcc-8.3.0/bin/gcc -c -g -O2  conftest.c >&5
configure:13389: $? = 0
configure:13390: result: ok
configure:13399: checking whether mbedtls supports the Blowfish block cipher or not
configure:13419: /usr/local/gcc-8.3.0/bin/gcc -c -g -O2  conftest.c >&5
configure:13419: $? = 0
configure:13420: result: ok
configure:13429: checking whether mbedtls supports the Camellia block cipher or not
configure:13449: /usr/local/gcc-8.3.0/bin/gcc -c -g -O2  conftest.c >&5
configure:13449: $? = 0
configure:13450: result: ok
configure:13489: checking for sodium_init in -lsodium
configure:13514: /usr/local/gcc-8.3.0/bin/gcc -o conftest -g -O2   conftest.c -lsodium  -lmbedcrypto -lpcre  >&5
configure:13514: $? = 0
configure:13523: result: yes
configure:13550: /usr/local/gcc-8.3.0/bin/gcc -c -g -O2  conftest.c >&5
configure:13550: $? = 0
configure:13551: result: checking for version of libsodium... yes
configure:13589: checking for ares_library_init in -lcares
configure:13614: /usr/local/gcc-8.3.0/bin/gcc -o conftest -g -O2   conftest.c -lcares  -lsodium -lmbedcrypto -lpcre  >&5
configure:13614: $? = 0
configure:13623: result: yes
configure:13635: checking for C/C++ restrict keyword
configure:13660: /usr/local/gcc-8.3.0/bin/gcc -c -g -O2  conftest.c >&5
configure:13660: $? = 0
configure:13668: result: __restrict
configure:13687: checking for netdb.h
configure:13687: /usr/local/gcc-8.3.0/bin/gcc -c -g -O2  conftest.c >&5
configure:13687: $? = 0
configure:13687: result: yes
configure:13706: checking for library containing inet_ntop
configure:13737: /usr/local/gcc-8.3.0/bin/gcc -o conftest -g -O2   conftest.c -lcares -lsodium -lmbedcrypto -lpcre  >&5
configure:13737: $? = 0
configure:13754: result: none required
configure:13786: checking whether inet_ntop is declared
configure:13786: /usr/local/gcc-8.3.0/bin/gcc -c -g -O2  conftest.c >&5
configure:13786: $? = 0
configure:13786: result: yes
configure:13808: checking for what kind of host
configure:13813: result: Linux
configure:14010: checking whether /usr/local/gcc-8.3.0/bin/gcc is Clang
configure:14035: result: no
configure:14158: checking whether pthreads work with -pthread
configure:14252: /usr/local/gcc-8.3.0/bin/gcc -o conftest -g -O2 -pthread   conftest.c  -lcares -lsodium -lmbedcrypto -lpcre  >&5
configure:14252: $? = 0
configure:14261: result: yes
configure:14280: checking for joinable pthread attribute
configure:14298: /usr/local/gcc-8.3.0/bin/gcc -o conftest -g -O2 -pthread   conftest.c  -lcares -lsodium -lmbedcrypto -lpcre  >&5
configure:14298: $? = 0
configure:14306: result: PTHREAD_CREATE_JOINABLE
configure:14320: checking whether more special flags are required for pthreads
configure:14333: result: no
configure:14341: checking for PTHREAD_PRIO_INHERIT
configure:14357: /usr/local/gcc-8.3.0/bin/gcc -o conftest -g -O2 -pthread   conftest.c  -lcares -lsodium -lmbedcrypto -lpcre  >&5
configure:14357: $? = 0
configure:14366: result: yes
configure:14473: checking if -fstack-protector and -fstack-protector-all are supported.
configure:14486: /usr/local/gcc-8.3.0/bin/gcc -c -g -O2 -pthread -fstack-protector  conftest.c >&5
configure:14486: $? = 0
configure:14503: /usr/local/gcc-8.3.0/bin/gcc -c -g -O2 -pthread -fstack-protector-all  conftest.c >&5
configure:14503: $? = 0
configure:14512: result: yes
configure:14558: -fstack-protector enabled in CFLAGS
configure:14582: checking limits.h usability
configure:14582: /usr/local/gcc-8.3.0/bin/gcc -c -g -O2 -pthread -fstack-protector  conftest.c >&5
configure:14582: $? = 0
configure:14582: result: yes
configure:14582: checking limits.h presence
configure:14582: /usr/local/gcc-8.3.0/bin/gcc -E  conftest.c
configure:14582: $? = 0
configure:14582: result: yes
configure:14582: checking for limits.h
configure:14582: result: yes
configure:14582: checking for stdint.h
configure:14582: result: yes
configure:14582: checking for inttypes.h
configure:14582: result: yes
configure:14582: checking arpa/inet.h usability
configure:14582: /usr/local/gcc-8.3.0/bin/gcc -c -g -O2 -pthread -fstack-protector  conftest.c >&5
configure:14582: $? = 0
configure:14582: result: yes
configure:14582: checking arpa/inet.h presence
configure:14582: /usr/local/gcc-8.3.0/bin/gcc -E  conftest.c
configure:14582: $? = 0
configure:14582: result: yes
configure:14582: checking for arpa/inet.h
configure:14582: result: yes
configure:14582: checking fcntl.h usability
configure:14582: /usr/local/gcc-8.3.0/bin/gcc -c -g -O2 -pthread -fstack-protector  conftest.c >&5
configure:14582: $? = 0
configure:14582: result: yes
configure:14582: checking fcntl.h presence
configure:14582: /usr/local/gcc-8.3.0/bin/gcc -E  conftest.c
configure:14582: $? = 0
configure:14582: result: yes
configure:14582: checking for fcntl.h
configure:14582: result: yes
configure:14582: checking langinfo.h usability
configure:14582: /usr/local/gcc-8.3.0/bin/gcc -c -g -O2 -pthread -fstack-protector  conftest.c >&5
configure:14582: $? = 0
configure:14582: result: yes
configure:14582: checking langinfo.h presence
configure:14582: /usr/local/gcc-8.3.0/bin/gcc -E  conftest.c
configure:14582: $? = 0
configure:14582: result: yes
configure:14582: checking for langinfo.h
configure:14582: result: yes
configure:14582: checking locale.h usability
configure:14582: /usr/local/gcc-8.3.0/bin/gcc -c -g -O2 -pthread -fstack-protector  conftest.c >&5
configure:14582: $? = 0
configure:14582: result: yes
configure:14582: checking locale.h presence
configure:14582: /usr/local/gcc-8.3.0/bin/gcc -E  conftest.c
configure:14582: $? = 0
configure:14582: result: yes
configure:14582: checking for locale.h
configure:14582: result: yes
configure:14582: checking linux/tcp.h usability
configure:14582: /usr/local/gcc-8.3.0/bin/gcc -c -g -O2 -pthread -fstack-protector  conftest.c >&5
configure:14582: $? = 0
configure:14582: result: yes
configure:14582: checking linux/tcp.h presence
configure:14582: /usr/local/gcc-8.3.0/bin/gcc -E  conftest.c
configure:14582: $? = 0
configure:14582: result: yes
configure:14582: checking for linux/tcp.h
configure:14582: result: yes
configure:14582: checking netinet/tcp.h usability
configure:14582: /usr/local/gcc-8.3.0/bin/gcc -c -g -O2 -pthread -fstack-protector  conftest.c >&5
configure:14582: $? = 0
configure:14582: result: yes
configure:14582: checking netinet/tcp.h presence
configure:14582: /usr/local/gcc-8.3.0/bin/gcc -E  conftest.c
configure:14582: $? = 0
configure:14582: result: yes
configure:14582: checking for netinet/tcp.h
configure:14582: result: yes
configure:14582: checking for netdb.h
configure:14582: result: yes
configure:14582: checking netinet/in.h usability
configure:14582: /usr/local/gcc-8.3.0/bin/gcc -c -g -O2 -pthread -fstack-protector  conftest.c >&5
configure:14582: $? = 0
configure:14582: result: yes
configure:14582: checking netinet/in.h presence
configure:14582: /usr/local/gcc-8.3.0/bin/gcc -E  conftest.c
configure:14582: $? = 0
configure:14582: result: yes
configure:14582: checking for netinet/in.h
configure:14582: result: yes
configure:14582: checking for stdlib.h
configure:14582: result: yes
configure:14582: checking for string.h
configure:14582: result: yes
configure:14582: checking for strings.h
configure:14582: result: yes
configure:14582: checking for unistd.h
configure:14582: result: yes
configure:14582: checking sys/ioctl.h usability
configure:14582: /usr/local/gcc-8.3.0/bin/gcc -c -g -O2 -pthread -fstack-protector  conftest.c >&5
configure:14582: $? = 0
configure:14582: result: yes
configure:14582: checking sys/ioctl.h presence
configure:14582: /usr/local/gcc-8.3.0/bin/gcc -E  conftest.c
configure:14582: $? = 0
configure:14582: result: yes
configure:14582: checking for sys/ioctl.h
configure:14582: result: yes
configure:14582: checking linux/random.h usability
configure:14582: /usr/local/gcc-8.3.0/bin/gcc -c -g -O2 -pthread -fstack-protector  conftest.c >&5
configure:14582: $? = 0
configure:14582: result: yes
configure:14582: checking linux/random.h presence
configure:14582: /usr/local/gcc-8.3.0/bin/gcc -E  conftest.c
configure:14582: $? = 0
configure:14582: result: yes
configure:14582: checking for linux/random.h
configure:14582: result: yes
configure:14595: checking sys/socket.h usability
configure:14595: /usr/local/gcc-8.3.0/bin/gcc -c -g -O2 -pthread -fstack-protector  conftest.c >&5
configure:14595: $? = 0
configure:14595: result: yes
configure:14595: checking sys/socket.h presence
configure:14595: /usr/local/gcc-8.3.0/bin/gcc -E  conftest.c
configure:14595: $? = 0
configure:14595: result: yes
configure:14595: checking for sys/socket.h
configure:14595: result: yes
configure:14607: checking for net/if.h
configure:14607: /usr/local/gcc-8.3.0/bin/gcc -c -g -O2 -pthread -fstack-protector  conftest.c >&5
configure:14607: $? = 0
configure:14607: result: yes
configure:14660: checking for linux/if.h
configure:14660: /usr/local/gcc-8.3.0/bin/gcc -c -g -O2 -pthread -fstack-protector  conftest.c >&5
configure:14660: $? = 0
configure:14660: result: yes
configure:14660: checking for linux/netfilter_ipv4.h
configure:14660: /usr/local/gcc-8.3.0/bin/gcc -c -g -O2 -pthread -fstack-protector  conftest.c >&5
configure:14660: $? = 0
configure:14660: result: yes
configure:14660: checking for linux/netfilter_ipv6/ip6_tables.h
configure:14660: /usr/local/gcc-8.3.0/bin/gcc -c -g -O2 -pthread -fstack-protector  conftest.c >&5
configure:14660: $? = 0
configure:14660: result: yes
configure:14696: checking whether byte ordering is bigendian
configure:14711: /usr/local/gcc-8.3.0/bin/gcc -c -g -O2 -pthread -fstack-protector  conftest.c >&5
conftest.c:59:9: error: unknown type name 'not'
         not a universal capable compiler
         ^~~
conftest.c:59:15: error: expected '=', ',', ';', 'asm' or '__attribute__' before 'universal'
         not a universal capable compiler
               ^~~~~~~~~
conftest.c:59:15: error: unknown type name 'universal'
configure:14711: $? = 1
configure: failed program was:
| /* confdefs.h */
| #define PACKAGE_NAME "shadowsocks-libev"
| #define PACKAGE_TARNAME "shadowsocks-libev"
| #define PACKAGE_VERSION "3.3.5"
| #define PACKAGE_STRING "shadowsocks-libev 3.3.5"
| #define PACKAGE_BUGREPORT "max.c.lv@gmail.com"
| #define PACKAGE_URL ""
| #define STDC_HEADERS 1
| #define HAVE_SYS_TYPES_H 1
| #define HAVE_SYS_STAT_H 1
| #define HAVE_STDLIB_H 1
| #define HAVE_STRING_H 1
| #define HAVE_MEMORY_H 1
| #define HAVE_STRINGS_H 1
| #define HAVE_INTTYPES_H 1
| #define HAVE_STDINT_H 1
| #define HAVE_UNISTD_H 1
| #define __EXTENSIONS__ 1
| #define _ALL_SOURCE 1
| #define _GNU_SOURCE 1
| #define _POSIX_PTHREAD_SEMANTICS 1
| #define _TANDEM_SOURCE 1
| #define PACKAGE "shadowsocks-libev"
| #define VERSION "3.3.5"
| #define HAVE_DLFCN_H 1
| #define LT_OBJDIR ".libs/"
| #define HAVE_PCRE_H 1
| #define HAVE_LIBPCRE 1
| #define TLS __thread
| #define restrict __restrict
| #define HAVE_NETDB_H 1
| #define HAVE_DECL_INET_NTOP 1
| #define HAVE_PTHREAD_PRIO_INHERIT 1
| #define HAVE_LIMITS_H 1
| #define HAVE_STDINT_H 1
| #define HAVE_INTTYPES_H 1
| #define HAVE_ARPA_INET_H 1
| #define HAVE_FCNTL_H 1
| #define HAVE_LANGINFO_H 1
| #define HAVE_LOCALE_H 1
| #define HAVE_LINUX_TCP_H 1
| #define HAVE_NETINET_TCP_H 1
| #define HAVE_NETDB_H 1
| #define HAVE_NETINET_IN_H 1
| #define HAVE_STDLIB_H 1
| #define HAVE_STRING_H 1
| #define HAVE_STRINGS_H 1
| #define HAVE_UNISTD_H 1
| #define HAVE_SYS_IOCTL_H 1
| #define HAVE_LINUX_RANDOM_H 1
| #define HAVE_SYS_SOCKET_H 1
| #define HAVE_NET_IF_H 1
| #define CONNECT_IN_PROGRESS EINPROGRESS
| #define HAVE_LINUX_IF_H 1
| #define HAVE_LINUX_NETFILTER_IPV4_H 1
| #define HAVE_LINUX_NETFILTER_IPV6_IP6_TABLES_H 1
| /* end confdefs.h.  */
| #ifndef __APPLE_CC__
| 	       not a universal capable compiler
| 	     #endif
| 	     typedef int dummy;
| 
configure:14756: /usr/local/gcc-8.3.0/bin/gcc -c -g -O2 -pthread -fstack-protector  conftest.c >&5
configure:14756: $? = 0
configure:14774: /usr/local/gcc-8.3.0/bin/gcc -c -g -O2 -pthread -fstack-protector  conftest.c >&5
conftest.c: In function 'main':
conftest.c:65:4: error: unknown type name 'not'; did you mean 'ino_t'?
    not big endian
    ^~~
    ino_t
conftest.c:65:12: error: expected '=', ',', ';', 'asm' or '__attribute__' before 'endian'
    not big endian
            ^~~~~~
configure:14774: $? = 1
configure: failed program was:
| /* confdefs.h */
| #define PACKAGE_NAME "shadowsocks-libev"
| #define PACKAGE_TARNAME "shadowsocks-libev"
| #define PACKAGE_VERSION "3.3.5"
| #define PACKAGE_STRING "shadowsocks-libev 3.3.5"
| #define PACKAGE_BUGREPORT "max.c.lv@gmail.com"
| #define PACKAGE_URL ""
| #define STDC_HEADERS 1
| #define HAVE_SYS_TYPES_H 1
| #define HAVE_SYS_STAT_H 1
| #define HAVE_STDLIB_H 1
| #define HAVE_STRING_H 1
| #define HAVE_MEMORY_H 1
| #define HAVE_STRINGS_H 1
| #define HAVE_INTTYPES_H 1
| #define HAVE_STDINT_H 1
| #define HAVE_UNISTD_H 1
| #define __EXTENSIONS__ 1
| #define _ALL_SOURCE 1
| #define _GNU_SOURCE 1
| #define _POSIX_PTHREAD_SEMANTICS 1
| #define _TANDEM_SOURCE 1
| #define PACKAGE "shadowsocks-libev"
| #define VERSION "3.3.5"
| #define HAVE_DLFCN_H 1
| #define LT_OBJDIR ".libs/"
| #define HAVE_PCRE_H 1
| #define HAVE_LIBPCRE 1
| #define TLS __thread
| #define restrict __restrict
| #define HAVE_NETDB_H 1
| #define HAVE_DECL_INET_NTOP 1
| #define HAVE_PTHREAD_PRIO_INHERIT 1
| #define HAVE_LIMITS_H 1
| #define HAVE_STDINT_H 1
| #define HAVE_INTTYPES_H 1
| #define HAVE_ARPA_INET_H 1
| #define HAVE_FCNTL_H 1
| #define HAVE_LANGINFO_H 1
| #define HAVE_LOCALE_H 1
| #define HAVE_LINUX_TCP_H 1
| #define HAVE_NETINET_TCP_H 1
| #define HAVE_NETDB_H 1
| #define HAVE_NETINET_IN_H 1
| #define HAVE_STDLIB_H 1
| #define HAVE_STRING_H 1
| #define HAVE_STRINGS_H 1
| #define HAVE_UNISTD_H 1
| #define HAVE_SYS_IOCTL_H 1
| #define HAVE_LINUX_RANDOM_H 1
| #define HAVE_SYS_SOCKET_H 1
| #define HAVE_NET_IF_H 1
| #define CONNECT_IN_PROGRESS EINPROGRESS
| #define HAVE_LINUX_IF_H 1
| #define HAVE_LINUX_NETFILTER_IPV4_H 1
| #define HAVE_LINUX_NETFILTER_IPV6_IP6_TABLES_H 1
| /* end confdefs.h.  */
| #include <sys/types.h>
| 		#include <sys/param.h>
| 
| int
| main ()
| {
| #if BYTE_ORDER != BIG_ENDIAN
| 		 not big endian
| 		#endif
| 
|   ;
|   return 0;
| }
configure:14902: result: no
configure:14921: checking for inline
configure:14937: /usr/local/gcc-8.3.0/bin/gcc -c -g -O2 -pthread -fstack-protector  conftest.c >&5
configure:14937: $? = 0
configure:14945: result: inline
configure:14963: checking for ssize_t
configure:14963: /usr/local/gcc-8.3.0/bin/gcc -c -g -O2 -pthread -fstack-protector  conftest.c >&5
configure:14963: $? = 0
configure:14963: /usr/local/gcc-8.3.0/bin/gcc -c -g -O2 -pthread -fstack-protector  conftest.c >&5
conftest.c: In function 'main':
conftest.c:94:22: error: expected expression before ')' token
 if (sizeof ((ssize_t)))
                      ^
configure:14963: $? = 1
configure: failed program was:
| /* confdefs.h */
| #define PACKAGE_NAME "shadowsocks-libev"
| #define PACKAGE_TARNAME "shadowsocks-libev"
| #define PACKAGE_VERSION "3.3.5"
| #define PACKAGE_STRING "shadowsocks-libev 3.3.5"
| #define PACKAGE_BUGREPORT "max.c.lv@gmail.com"
| #define PACKAGE_URL ""
| #define STDC_HEADERS 1
| #define HAVE_SYS_TYPES_H 1
| #define HAVE_SYS_STAT_H 1
| #define HAVE_STDLIB_H 1
| #define HAVE_STRING_H 1
| #define HAVE_MEMORY_H 1
| #define HAVE_STRINGS_H 1
| #define HAVE_INTTYPES_H 1
| #define HAVE_STDINT_H 1
| #define HAVE_UNISTD_H 1
| #define __EXTENSIONS__ 1
| #define _ALL_SOURCE 1
| #define _GNU_SOURCE 1
| #define _POSIX_PTHREAD_SEMANTICS 1
| #define _TANDEM_SOURCE 1
| #define PACKAGE "shadowsocks-libev"
| #define VERSION "3.3.5"
| #define HAVE_DLFCN_H 1
| #define LT_OBJDIR ".libs/"
| #define HAVE_PCRE_H 1
| #define HAVE_LIBPCRE 1
| #define TLS __thread
| #define restrict __restrict
| #define HAVE_NETDB_H 1
| #define HAVE_DECL_INET_NTOP 1
| #define HAVE_PTHREAD_PRIO_INHERIT 1
| #define HAVE_LIMITS_H 1
| #define HAVE_STDINT_H 1
| #define HAVE_INTTYPES_H 1
| #define HAVE_ARPA_INET_H 1
| #define HAVE_FCNTL_H 1
| #define HAVE_LANGINFO_H 1
| #define HAVE_LOCALE_H 1
| #define HAVE_LINUX_TCP_H 1
| #define HAVE_NETINET_TCP_H 1
| #define HAVE_NETDB_H 1
| #define HAVE_NETINET_IN_H 1
| #define HAVE_STDLIB_H 1
| #define HAVE_STRING_H 1
| #define HAVE_STRINGS_H 1
| #define HAVE_UNISTD_H 1
| #define HAVE_SYS_IOCTL_H 1
| #define HAVE_LINUX_RANDOM_H 1
| #define HAVE_SYS_SOCKET_H 1
| #define HAVE_NET_IF_H 1
| #define CONNECT_IN_PROGRESS EINPROGRESS
| #define HAVE_LINUX_IF_H 1
| #define HAVE_LINUX_NETFILTER_IPV4_H 1
| #define HAVE_LINUX_NETFILTER_IPV6_IP6_TABLES_H 1
| /* end confdefs.h.  */
| #include <stdio.h>
| #ifdef HAVE_SYS_TYPES_H
| # include <sys/types.h>
| #endif
| #ifdef HAVE_SYS_STAT_H
| # include <sys/stat.h>
| #endif
| #ifdef STDC_HEADERS
| # include <stdlib.h>
| # include <stddef.h>
| #else
| # ifdef HAVE_STDLIB_H
| #  include <stdlib.h>
| # endif
| #endif
| #ifdef HAVE_STRING_H
| # if !defined STDC_HEADERS && defined HAVE_MEMORY_H
| #  include <memory.h>
| # endif
| # include <string.h>
| #endif
| #ifdef HAVE_STRINGS_H
| # include <strings.h>
| #endif
| #ifdef HAVE_INTTYPES_H
| # include <inttypes.h>
| #endif
| #ifdef HAVE_STDINT_H
| # include <stdint.h>
| #endif
| #ifdef HAVE_UNISTD_H
| # include <unistd.h>
| #endif
| int
| main ()
| {
| if (sizeof ((ssize_t)))
| 	    return 0;
|   ;
|   return 0;
| }
configure:14963: result: yes
configure:14976: checking whether to enable assertions
configure:14994: result: yes
configure:14997: checking for ANSI C header files
configure:15101: result: yes
configure:15109: checking for sys/wait.h that is POSIX.1 compatible
configure:15135: /usr/local/gcc-8.3.0/bin/gcc -c -g -O2 -pthread -fstack-protector  conftest.c >&5
configure:15135: $? = 0
configure:15142: result: yes
configure:15151: checking for an ANSI C-conforming const
configure:15217: /usr/local/gcc-8.3.0/bin/gcc -c -g -O2 -pthread -fstack-protector  conftest.c >&5
configure:15217: $? = 0
configure:15224: result: yes
configure:15232: checking for pid_t
configure:15232: /usr/local/gcc-8.3.0/bin/gcc -c -g -O2 -pthread -fstack-protector  conftest.c >&5
configure:15232: $? = 0
configure:15232: /usr/local/gcc-8.3.0/bin/gcc -c -g -O2 -pthread -fstack-protector  conftest.c >&5
conftest.c: In function 'main':
conftest.c:96:20: error: expected expression before ')' token
 if (sizeof ((pid_t)))
                    ^
configure:15232: $? = 1
configure: failed program was:
| /* confdefs.h */
| #define PACKAGE_NAME "shadowsocks-libev"
| #define PACKAGE_TARNAME "shadowsocks-libev"
| #define PACKAGE_VERSION "3.3.5"
| #define PACKAGE_STRING "shadowsocks-libev 3.3.5"
| #define PACKAGE_BUGREPORT "max.c.lv@gmail.com"
| #define PACKAGE_URL ""
| #define STDC_HEADERS 1
| #define HAVE_SYS_TYPES_H 1
| #define HAVE_SYS_STAT_H 1
| #define HAVE_STDLIB_H 1
| #define HAVE_STRING_H 1
| #define HAVE_MEMORY_H 1
| #define HAVE_STRINGS_H 1
| #define HAVE_INTTYPES_H 1
| #define HAVE_STDINT_H 1
| #define HAVE_UNISTD_H 1
| #define __EXTENSIONS__ 1
| #define _ALL_SOURCE 1
| #define _GNU_SOURCE 1
| #define _POSIX_PTHREAD_SEMANTICS 1
| #define _TANDEM_SOURCE 1
| #define PACKAGE "shadowsocks-libev"
| #define VERSION "3.3.5"
| #define HAVE_DLFCN_H 1
| #define LT_OBJDIR ".libs/"
| #define HAVE_PCRE_H 1
| #define HAVE_LIBPCRE 1
| #define TLS __thread
| #define restrict __restrict
| #define HAVE_NETDB_H 1
| #define HAVE_DECL_INET_NTOP 1
| #define HAVE_PTHREAD_PRIO_INHERIT 1
| #define HAVE_LIMITS_H 1
| #define HAVE_STDINT_H 1
| #define HAVE_INTTYPES_H 1
| #define HAVE_ARPA_INET_H 1
| #define HAVE_FCNTL_H 1
| #define HAVE_LANGINFO_H 1
| #define HAVE_LOCALE_H 1
| #define HAVE_LINUX_TCP_H 1
| #define HAVE_NETINET_TCP_H 1
| #define HAVE_NETDB_H 1
| #define HAVE_NETINET_IN_H 1
| #define HAVE_STDLIB_H 1
| #define HAVE_STRING_H 1
| #define HAVE_STRINGS_H 1
| #define HAVE_UNISTD_H 1
| #define HAVE_SYS_IOCTL_H 1
| #define HAVE_LINUX_RANDOM_H 1
| #define HAVE_SYS_SOCKET_H 1
| #define HAVE_NET_IF_H 1
| #define CONNECT_IN_PROGRESS EINPROGRESS
| #define HAVE_LINUX_IF_H 1
| #define HAVE_LINUX_NETFILTER_IPV4_H 1
| #define HAVE_LINUX_NETFILTER_IPV6_IP6_TABLES_H 1
| #define STDC_HEADERS 1
| #define HAVE_SYS_WAIT_H 1
| /* end confdefs.h.  */
| #include <stdio.h>
| #ifdef HAVE_SYS_TYPES_H
| # include <sys/types.h>
| #endif
| #ifdef HAVE_SYS_STAT_H
| # include <sys/stat.h>
| #endif
| #ifdef STDC_HEADERS
| # include <stdlib.h>
| # include <stddef.h>
| #else
| # ifdef HAVE_STDLIB_H
| #  include <stdlib.h>
| # endif
| #endif
| #ifdef HAVE_STRING_H
| # if !defined STDC_HEADERS && defined HAVE_MEMORY_H
| #  include <memory.h>
| # endif
| # include <string.h>
| #endif
| #ifdef HAVE_STRINGS_H
| # include <strings.h>
| #endif
| #ifdef HAVE_INTTYPES_H
| # include <inttypes.h>
| #endif
| #ifdef HAVE_STDINT_H
| # include <stdint.h>
| #endif
| #ifdef HAVE_UNISTD_H
| # include <unistd.h>
| #endif
| int
| main ()
| {
| if (sizeof ((pid_t)))
| 	    return 0;
|   ;
|   return 0;
| }
configure:15232: result: yes
configure:15243: checking for size_t
configure:15243: /usr/local/gcc-8.3.0/bin/gcc -c -g -O2 -pthread -fstack-protector  conftest.c >&5
configure:15243: $? = 0
configure:15243: /usr/local/gcc-8.3.0/bin/gcc -c -g -O2 -pthread -fstack-protector  conftest.c >&5
conftest.c: In function 'main':
conftest.c:96:21: error: expected expression before ')' token
 if (sizeof ((size_t)))
                     ^
configure:15243: $? = 1
configure: failed program was:
| /* confdefs.h */
| #define PACKAGE_NAME "shadowsocks-libev"
| #define PACKAGE_TARNAME "shadowsocks-libev"
| #define PACKAGE_VERSION "3.3.5"
| #define PACKAGE_STRING "shadowsocks-libev 3.3.5"
| #define PACKAGE_BUGREPORT "max.c.lv@gmail.com"
| #define PACKAGE_URL ""
| #define STDC_HEADERS 1
| #define HAVE_SYS_TYPES_H 1
| #define HAVE_SYS_STAT_H 1
| #define HAVE_STDLIB_H 1
| #define HAVE_STRING_H 1
| #define HAVE_MEMORY_H 1
| #define HAVE_STRINGS_H 1
| #define HAVE_INTTYPES_H 1
| #define HAVE_STDINT_H 1
| #define HAVE_UNISTD_H 1
| #define __EXTENSIONS__ 1
| #define _ALL_SOURCE 1
| #define _GNU_SOURCE 1
| #define _POSIX_PTHREAD_SEMANTICS 1
| #define _TANDEM_SOURCE 1
| #define PACKAGE "shadowsocks-libev"
| #define VERSION "3.3.5"
| #define HAVE_DLFCN_H 1
| #define LT_OBJDIR ".libs/"
| #define HAVE_PCRE_H 1
| #define HAVE_LIBPCRE 1
| #define TLS __thread
| #define restrict __restrict
| #define HAVE_NETDB_H 1
| #define HAVE_DECL_INET_NTOP 1
| #define HAVE_PTHREAD_PRIO_INHERIT 1
| #define HAVE_LIMITS_H 1
| #define HAVE_STDINT_H 1
| #define HAVE_INTTYPES_H 1
| #define HAVE_ARPA_INET_H 1
| #define HAVE_FCNTL_H 1
| #define HAVE_LANGINFO_H 1
| #define HAVE_LOCALE_H 1
| #define HAVE_LINUX_TCP_H 1
| #define HAVE_NETINET_TCP_H 1
| #define HAVE_NETDB_H 1
| #define HAVE_NETINET_IN_H 1
| #define HAVE_STDLIB_H 1
| #define HAVE_STRING_H 1
| #define HAVE_STRINGS_H 1
| #define HAVE_UNISTD_H 1
| #define HAVE_SYS_IOCTL_H 1
| #define HAVE_LINUX_RANDOM_H 1
| #define HAVE_SYS_SOCKET_H 1
| #define HAVE_NET_IF_H 1
| #define CONNECT_IN_PROGRESS EINPROGRESS
| #define HAVE_LINUX_IF_H 1
| #define HAVE_LINUX_NETFILTER_IPV4_H 1
| #define HAVE_LINUX_NETFILTER_IPV6_IP6_TABLES_H 1
| #define STDC_HEADERS 1
| #define HAVE_SYS_WAIT_H 1
| /* end confdefs.h.  */
| #include <stdio.h>
| #ifdef HAVE_SYS_TYPES_H
| # include <sys/types.h>
| #endif
| #ifdef HAVE_SYS_STAT_H
| # include <sys/stat.h>
| #endif
| #ifdef STDC_HEADERS
| # include <stdlib.h>
| # include <stddef.h>
| #else
| # ifdef HAVE_STDLIB_H
| #  include <stdlib.h>
| # endif
| #endif
| #ifdef HAVE_STRING_H
| # if !defined STDC_HEADERS && defined HAVE_MEMORY_H
| #  include <memory.h>
| # endif
| # include <string.h>
| #endif
| #ifdef HAVE_STRINGS_H
| # include <strings.h>
| #endif
| #ifdef HAVE_INTTYPES_H
| # include <inttypes.h>
| #endif
| #ifdef HAVE_STDINT_H
| # include <stdint.h>
| #endif
| #ifdef HAVE_UNISTD_H
| # include <unistd.h>
| #endif
| int
| main ()
| {
| if (sizeof ((size_t)))
| 	    return 0;
|   ;
|   return 0;
| }
configure:15243: result: yes
configure:15254: checking for ssize_t
configure:15254: result: yes
configure:15265: checking for uint16_t
configure:15265: /usr/local/gcc-8.3.0/bin/gcc -c -g -O2 -pthread -fstack-protector  conftest.c >&5
configure:15265: $? = 0
configure:15265: result: yes
configure:15277: checking for uint8_t
configure:15277: /usr/local/gcc-8.3.0/bin/gcc -c -g -O2 -pthread -fstack-protector  conftest.c >&5
configure:15277: $? = 0
configure:15277: result: yes
configure:15291: checking whether time.h and sys/time.h may both be included
configure:15311: /usr/local/gcc-8.3.0/bin/gcc -c -g -O2 -pthread -fstack-protector  conftest.c >&5
configure:15311: $? = 0
configure:15318: result: yes
configure:15329: checking vfork.h usability
configure:15329: /usr/local/gcc-8.3.0/bin/gcc -c -g -O2 -pthread -fstack-protector  conftest.c >&5
conftest.c:94:10: fatal error: vfork.h: No such file or directory
 #include <vfork.h>
          ^~~~~~~~~
compilation terminated.
configure:15329: $? = 1
configure: failed program was:
| /* confdefs.h */
| #define PACKAGE_NAME "shadowsocks-libev"
| #define PACKAGE_TARNAME "shadowsocks-libev"
| #define PACKAGE_VERSION "3.3.5"
| #define PACKAGE_STRING "shadowsocks-libev 3.3.5"
| #define PACKAGE_BUGREPORT "max.c.lv@gmail.com"
| #define PACKAGE_URL ""
| #define STDC_HEADERS 1
| #define HAVE_SYS_TYPES_H 1
| #define HAVE_SYS_STAT_H 1
| #define HAVE_STDLIB_H 1
| #define HAVE_STRING_H 1
| #define HAVE_MEMORY_H 1
| #define HAVE_STRINGS_H 1
| #define HAVE_INTTYPES_H 1
| #define HAVE_STDINT_H 1
| #define HAVE_UNISTD_H 1
| #define __EXTENSIONS__ 1
| #define _ALL_SOURCE 1
| #define _GNU_SOURCE 1
| #define _POSIX_PTHREAD_SEMANTICS 1
| #define _TANDEM_SOURCE 1
| #define PACKAGE "shadowsocks-libev"
| #define VERSION "3.3.5"
| #define HAVE_DLFCN_H 1
| #define LT_OBJDIR ".libs/"
| #define HAVE_PCRE_H 1
| #define HAVE_LIBPCRE 1
| #define TLS __thread
| #define restrict __restrict
| #define HAVE_NETDB_H 1
| #define HAVE_DECL_INET_NTOP 1
| #define HAVE_PTHREAD_PRIO_INHERIT 1
| #define HAVE_LIMITS_H 1
| #define HAVE_STDINT_H 1
| #define HAVE_INTTYPES_H 1
| #define HAVE_ARPA_INET_H 1
| #define HAVE_FCNTL_H 1
| #define HAVE_LANGINFO_H 1
| #define HAVE_LOCALE_H 1
| #define HAVE_LINUX_TCP_H 1
| #define HAVE_NETINET_TCP_H 1
| #define HAVE_NETDB_H 1
| #define HAVE_NETINET_IN_H 1
| #define HAVE_STDLIB_H 1
| #define HAVE_STRING_H 1
| #define HAVE_STRINGS_H 1
| #define HAVE_UNISTD_H 1
| #define HAVE_SYS_IOCTL_H 1
| #define HAVE_LINUX_RANDOM_H 1
| #define HAVE_SYS_SOCKET_H 1
| #define HAVE_NET_IF_H 1
| #define CONNECT_IN_PROGRESS EINPROGRESS
| #define HAVE_LINUX_IF_H 1
| #define HAVE_LINUX_NETFILTER_IPV4_H 1
| #define HAVE_LINUX_NETFILTER_IPV6_IP6_TABLES_H 1
| #define STDC_HEADERS 1
| #define HAVE_SYS_WAIT_H 1
| #define TIME_WITH_SYS_TIME 1
| /* end confdefs.h.  */
| #include <stdio.h>
| #ifdef HAVE_SYS_TYPES_H
| # include <sys/types.h>
| #endif
| #ifdef HAVE_SYS_STAT_H
| # include <sys/stat.h>
| #endif
| #ifdef STDC_HEADERS
| # include <stdlib.h>
| # include <stddef.h>
| #else
| # ifdef HAVE_STDLIB_H
| #  include <stdlib.h>
| # endif
| #endif
| #ifdef HAVE_STRING_H
| # if !defined STDC_HEADERS && defined HAVE_MEMORY_H
| #  include <memory.h>
| # endif
| # include <string.h>
| #endif
| #ifdef HAVE_STRINGS_H
| # include <strings.h>
| #endif
| #ifdef HAVE_INTTYPES_H
| # include <inttypes.h>
| #endif
| #ifdef HAVE_STDINT_H
| # include <stdint.h>
| #endif
| #ifdef HAVE_UNISTD_H
| # include <unistd.h>
| #endif
| #include <vfork.h>
configure:15329: result: no
configure:15329: checking vfork.h presence
configure:15329: /usr/local/gcc-8.3.0/bin/gcc -E  conftest.c
conftest.c:61:10: fatal error: vfork.h: No such file or directory
 #include <vfork.h>
          ^~~~~~~~~
compilation terminated.
configure:15329: $? = 1
configure: failed program was:
| /* confdefs.h */
| #define PACKAGE_NAME "shadowsocks-libev"
| #define PACKAGE_TARNAME "shadowsocks-libev"
| #define PACKAGE_VERSION "3.3.5"
| #define PACKAGE_STRING "shadowsocks-libev 3.3.5"
| #define PACKAGE_BUGREPORT "max.c.lv@gmail.com"
| #define PACKAGE_URL ""
| #define STDC_HEADERS 1
| #define HAVE_SYS_TYPES_H 1
| #define HAVE_SYS_STAT_H 1
| #define HAVE_STDLIB_H 1
| #define HAVE_STRING_H 1
| #define HAVE_MEMORY_H 1
| #define HAVE_STRINGS_H 1
| #define HAVE_INTTYPES_H 1
| #define HAVE_STDINT_H 1
| #define HAVE_UNISTD_H 1
| #define __EXTENSIONS__ 1
| #define _ALL_SOURCE 1
| #define _GNU_SOURCE 1
| #define _POSIX_PTHREAD_SEMANTICS 1
| #define _TANDEM_SOURCE 1
| #define PACKAGE "shadowsocks-libev"
| #define VERSION "3.3.5"
| #define HAVE_DLFCN_H 1
| #define LT_OBJDIR ".libs/"
| #define HAVE_PCRE_H 1
| #define HAVE_LIBPCRE 1
| #define TLS __thread
| #define restrict __restrict
| #define HAVE_NETDB_H 1
| #define HAVE_DECL_INET_NTOP 1
| #define HAVE_PTHREAD_PRIO_INHERIT 1
| #define HAVE_LIMITS_H 1
| #define HAVE_STDINT_H 1
| #define HAVE_INTTYPES_H 1
| #define HAVE_ARPA_INET_H 1
| #define HAVE_FCNTL_H 1
| #define HAVE_LANGINFO_H 1
| #define HAVE_LOCALE_H 1
| #define HAVE_LINUX_TCP_H 1
| #define HAVE_NETINET_TCP_H 1
| #define HAVE_NETDB_H 1
| #define HAVE_NETINET_IN_H 1
| #define HAVE_STDLIB_H 1
| #define HAVE_STRING_H 1
| #define HAVE_STRINGS_H 1
| #define HAVE_UNISTD_H 1
| #define HAVE_SYS_IOCTL_H 1
| #define HAVE_LINUX_RANDOM_H 1
| #define HAVE_SYS_SOCKET_H 1
| #define HAVE_NET_IF_H 1
| #define CONNECT_IN_PROGRESS EINPROGRESS
| #define HAVE_LINUX_IF_H 1
| #define HAVE_LINUX_NETFILTER_IPV4_H 1
| #define HAVE_LINUX_NETFILTER_IPV6_IP6_TABLES_H 1
| #define STDC_HEADERS 1
| #define HAVE_SYS_WAIT_H 1
| #define TIME_WITH_SYS_TIME 1
| /* end confdefs.h.  */
| #include <vfork.h>
configure:15329: result: no
configure:15329: checking for vfork.h
configure:15329: result: no
configure:15342: checking for fork
configure:15342: /usr/local/gcc-8.3.0/bin/gcc -o conftest -g -O2 -pthread -fstack-protector   conftest.c  -lcares -lsodium -lmbedcrypto -lpcre  >&5
conftest.c:84:6: warning: conflicting types for built-in function 'fork' [-Wbuiltin-declaration-mismatch]
 char fork ();
      ^~~~
configure:15342: $? = 0
configure:15342: result: yes
configure:15342: checking for vfork
configure:15342: /usr/local/gcc-8.3.0/bin/gcc -o conftest -g -O2 -pthread -fstack-protector   conftest.c  -lcares -lsodium -lmbedcrypto -lpcre  >&5
configure:15342: $? = 0
configure:15342: result: yes
configure:15352: checking for working fork
configure:15374: /usr/local/gcc-8.3.0/bin/gcc -o conftest -g -O2 -pthread -fstack-protector   conftest.c  -lcares -lsodium -lmbedcrypto -lpcre  >&5
configure:15374: $? = 0
configure:15374: ./conftest
configure:15374: $? = 0
configure:15384: result: yes
configure:15405: checking for working vfork
configure:15515: result: yes
configure:15543: checking sys/select.h usability
configure:15543: /usr/local/gcc-8.3.0/bin/gcc -c -g -O2 -pthread -fstack-protector  conftest.c >&5
configure:15543: $? = 0
configure:15543: result: yes
configure:15543: checking sys/select.h presence
configure:15543: /usr/local/gcc-8.3.0/bin/gcc -E  conftest.c
configure:15543: $? = 0
configure:15543: result: yes
configure:15543: checking for sys/select.h
configure:15543: result: yes
configure:15543: checking for sys/socket.h
configure:15543: result: yes
configure:15553: checking types of arguments for select
configure:15581: /usr/local/gcc-8.3.0/bin/gcc -c -g -O2 -pthread -fstack-protector  conftest.c >&5
configure:15581: $? = 0
configure:15592: result: int,fd_set *,struct timeval *
configure:15615: checking return type of signal handlers
configure:15633: /usr/local/gcc-8.3.0/bin/gcc -c -g -O2 -pthread -fstack-protector  conftest.c >&5
conftest.c: In function 'main':
conftest.c:76:10: error: void value not ignored as it ought to be
 return *(signal (0, 0)) (0) == 1;
         ~^~~~~~~~~~~~~~~~~~
configure:15633: $? = 1
configure: failed program was:
| /* confdefs.h */
| #define PACKAGE_NAME "shadowsocks-libev"
| #define PACKAGE_TARNAME "shadowsocks-libev"
| #define PACKAGE_VERSION "3.3.5"
| #define PACKAGE_STRING "shadowsocks-libev 3.3.5"
| #define PACKAGE_BUGREPORT "max.c.lv@gmail.com"
| #define PACKAGE_URL ""
| #define STDC_HEADERS 1
| #define HAVE_SYS_TYPES_H 1
| #define HAVE_SYS_STAT_H 1
| #define HAVE_STDLIB_H 1
| #define HAVE_STRING_H 1
| #define HAVE_MEMORY_H 1
| #define HAVE_STRINGS_H 1
| #define HAVE_INTTYPES_H 1
| #define HAVE_STDINT_H 1
| #define HAVE_UNISTD_H 1
| #define __EXTENSIONS__ 1
| #define _ALL_SOURCE 1
| #define _GNU_SOURCE 1
| #define _POSIX_PTHREAD_SEMANTICS 1
| #define _TANDEM_SOURCE 1
| #define PACKAGE "shadowsocks-libev"
| #define VERSION "3.3.5"
| #define HAVE_DLFCN_H 1
| #define LT_OBJDIR ".libs/"
| #define HAVE_PCRE_H 1
| #define HAVE_LIBPCRE 1
| #define TLS __thread
| #define restrict __restrict
| #define HAVE_NETDB_H 1
| #define HAVE_DECL_INET_NTOP 1
| #define HAVE_PTHREAD_PRIO_INHERIT 1
| #define HAVE_LIMITS_H 1
| #define HAVE_STDINT_H 1
| #define HAVE_INTTYPES_H 1
| #define HAVE_ARPA_INET_H 1
| #define HAVE_FCNTL_H 1
| #define HAVE_LANGINFO_H 1
| #define HAVE_LOCALE_H 1
| #define HAVE_LINUX_TCP_H 1
| #define HAVE_NETINET_TCP_H 1
| #define HAVE_NETDB_H 1
| #define HAVE_NETINET_IN_H 1
| #define HAVE_STDLIB_H 1
| #define HAVE_STRING_H 1
| #define HAVE_STRINGS_H 1
| #define HAVE_UNISTD_H 1
| #define HAVE_SYS_IOCTL_H 1
| #define HAVE_LINUX_RANDOM_H 1
| #define HAVE_SYS_SOCKET_H 1
| #define HAVE_NET_IF_H 1
| #define CONNECT_IN_PROGRESS EINPROGRESS
| #define HAVE_LINUX_IF_H 1
| #define HAVE_LINUX_NETFILTER_IPV4_H 1
| #define HAVE_LINUX_NETFILTER_IPV6_IP6_TABLES_H 1
| #define STDC_HEADERS 1
| #define HAVE_SYS_WAIT_H 1
| #define TIME_WITH_SYS_TIME 1
| #define HAVE_FORK 1
| #define HAVE_VFORK 1
| #define HAVE_WORKING_VFORK 1
| #define HAVE_WORKING_FORK 1
| #define HAVE_SYS_SELECT_H 1
| #define HAVE_SYS_SOCKET_H 1
| #define SELECT_TYPE_ARG1 int
| #define SELECT_TYPE_ARG234 (fd_set *)
| #define SELECT_TYPE_ARG5 (struct timeval *)
| /* end confdefs.h.  */
| #include <sys/types.h>
| #include <signal.h>
| 
| int
| main ()
| {
| return *(signal (0, 0)) (0) == 1;
|   ;
|   return 0;
| }
configure:15640: result: void
configure:15651: checking for memset
configure:15651: /usr/local/gcc-8.3.0/bin/gcc -o conftest -g -O2 -pthread -fstack-protector   conftest.c  -lcares -lsodium -lmbedcrypto -lpcre  >&5
conftest.c:94:6: warning: conflicting types for built-in function 'memset' [-Wbuiltin-declaration-mismatch]
 char memset ();
      ^~~~~~
configure:15651: $? = 0
configure:15651: result: yes
configure:15651: checking for select
configure:15651: /usr/local/gcc-8.3.0/bin/gcc -o conftest -g -O2 -pthread -fstack-protector   conftest.c  -lcares -lsodium -lmbedcrypto -lpcre  >&5
configure:15651: $? = 0
configure:15651: result: yes
configure:15651: checking for setresuid
configure:15651: /usr/local/gcc-8.3.0/bin/gcc -o conftest -g -O2 -pthread -fstack-protector   conftest.c  -lcares -lsodium -lmbedcrypto -lpcre  >&5
configure:15651: $? = 0
configure:15651: result: yes
configure:15651: checking for setreuid
configure:15651: /usr/local/gcc-8.3.0/bin/gcc -o conftest -g -O2 -pthread -fstack-protector   conftest.c  -lcares -lsodium -lmbedcrypto -lpcre  >&5
configure:15651: $? = 0
configure:15651: result: yes
configure:15651: checking for strerror
configure:15651: /usr/local/gcc-8.3.0/bin/gcc -o conftest -g -O2 -pthread -fstack-protector   conftest.c  -lcares -lsodium -lmbedcrypto -lpcre  >&5
configure:15651: $? = 0
configure:15651: result: yes
configure:15651: checking for get_current_dir_name
configure:15651: /usr/local/gcc-8.3.0/bin/gcc -o conftest -g -O2 -pthread -fstack-protector   conftest.c  -lcares -lsodium -lmbedcrypto -lpcre  >&5
configure:15651: $? = 0
configure:15651: result: yes
configure:15651: checking for getpwnam_r
configure:15651: /usr/local/gcc-8.3.0/bin/gcc -o conftest -g -O2 -pthread -fstack-protector   conftest.c  -lcares -lsodium -lmbedcrypto -lpcre  >&5
configure:15651: $? = 0
configure:15651: result: yes
configure:15651: checking for setrlimit
configure:15651: /usr/local/gcc-8.3.0/bin/gcc -o conftest -g -O2 -pthread -fstack-protector   conftest.c  -lcares -lsodium -lmbedcrypto -lpcre  >&5
configure:15651: $? = 0
configure:15651: result: yes
configure:15661: checking for connect in -lsocket
configure:15686: /usr/local/gcc-8.3.0/bin/gcc -o conftest -g -O2 -pthread -fstack-protector   conftest.c -lsocket   -lcares -lsodium -lmbedcrypto -lpcre  >&5
/usr/bin/ld: cannot find -lsocket
collect2: error: ld returned 1 exit status
configure:15686: $? = 1
configure: failed program was:
| /* confdefs.h */
| #define PACKAGE_NAME "shadowsocks-libev"
| #define PACKAGE_TARNAME "shadowsocks-libev"
| #define PACKAGE_VERSION "3.3.5"
| #define PACKAGE_STRING "shadowsocks-libev 3.3.5"
| #define PACKAGE_BUGREPORT "max.c.lv@gmail.com"
| #define PACKAGE_URL ""
| #define STDC_HEADERS 1
| #define HAVE_SYS_TYPES_H 1
| #define HAVE_SYS_STAT_H 1
| #define HAVE_STDLIB_H 1
| #define HAVE_STRING_H 1
| #define HAVE_MEMORY_H 1
| #define HAVE_STRINGS_H 1
| #define HAVE_INTTYPES_H 1
| #define HAVE_STDINT_H 1
| #define HAVE_UNISTD_H 1
| #define __EXTENSIONS__ 1
| #define _ALL_SOURCE 1
| #define _GNU_SOURCE 1
| #define _POSIX_PTHREAD_SEMANTICS 1
| #define _TANDEM_SOURCE 1
| #define PACKAGE "shadowsocks-libev"
| #define VERSION "3.3.5"
| #define HAVE_DLFCN_H 1
| #define LT_OBJDIR ".libs/"
| #define HAVE_PCRE_H 1
| #define HAVE_LIBPCRE 1
| #define TLS __thread
| #define restrict __restrict
| #define HAVE_NETDB_H 1
| #define HAVE_DECL_INET_NTOP 1
| #define HAVE_PTHREAD_PRIO_INHERIT 1
| #define HAVE_LIMITS_H 1
| #define HAVE_STDINT_H 1
| #define HAVE_INTTYPES_H 1
| #define HAVE_ARPA_INET_H 1
| #define HAVE_FCNTL_H 1
| #define HAVE_LANGINFO_H 1
| #define HAVE_LOCALE_H 1
| #define HAVE_LINUX_TCP_H 1
| #define HAVE_NETINET_TCP_H 1
| #define HAVE_NETDB_H 1
| #define HAVE_NETINET_IN_H 1
| #define HAVE_STDLIB_H 1
| #define HAVE_STRING_H 1
| #define HAVE_STRINGS_H 1
| #define HAVE_UNISTD_H 1
| #define HAVE_SYS_IOCTL_H 1
| #define HAVE_LINUX_RANDOM_H 1
| #define HAVE_SYS_SOCKET_H 1
| #define HAVE_NET_IF_H 1
| #define CONNECT_IN_PROGRESS EINPROGRESS
| #define HAVE_LINUX_IF_H 1
| #define HAVE_LINUX_NETFILTER_IPV4_H 1
| #define HAVE_LINUX_NETFILTER_IPV6_IP6_TABLES_H 1
| #define STDC_HEADERS 1
| #define HAVE_SYS_WAIT_H 1
| #define TIME_WITH_SYS_TIME 1
| #define HAVE_FORK 1
| #define HAVE_VFORK 1
| #define HAVE_WORKING_VFORK 1
| #define HAVE_WORKING_FORK 1
| #define HAVE_SYS_SELECT_H 1
| #define HAVE_SYS_SOCKET_H 1
| #define SELECT_TYPE_ARG1 int
| #define SELECT_TYPE_ARG234 (fd_set *)
| #define SELECT_TYPE_ARG5 (struct timeval *)
| #define RETSIGTYPE void
| #define HAVE_MEMSET 1
| #define HAVE_SELECT 1
| #define HAVE_SETRESUID 1
| #define HAVE_SETREUID 1
| #define HAVE_STRERROR 1
| #define HAVE_GET_CURRENT_DIR_NAME 1
| #define HAVE_GETPWNAM_R 1
| #define HAVE_SETRLIMIT 1
| /* end confdefs.h.  */
| 
| /* Override any GCC internal prototype to avoid an error.
|    Use char because int might match the return type of a GCC
|    builtin and then its argument prototype would still apply.  */
| #ifdef __cplusplus
| extern "C"
| #endif
| char connect ();
| int
| main ()
| {
| return connect ();
|   ;
|   return 0;
| }
configure:15695: result: no
configure:15710: checking for malloc
configure:15710: /usr/local/gcc-8.3.0/bin/gcc -o conftest -g -O2 -pthread -fstack-protector   conftest.c  -lcares -lsodium -lmbedcrypto -lpcre  >&5
conftest.c:102:6: warning: conflicting types for built-in function 'malloc' [-Wbuiltin-declaration-mismatch]
 char malloc ();
      ^~~~~~
configure:15710: $? = 0
configure:15710: result: yes
configure:15710: checking for memset
configure:15710: result: yes
configure:15710: checking for posix_memalign
configure:15710: /usr/local/gcc-8.3.0/bin/gcc -o conftest -g -O2 -pthread -fstack-protector   conftest.c  -lcares -lsodium -lmbedcrypto -lpcre  >&5
conftest.c:104:6: warning: conflicting types for built-in function 'posix_memalign' [-Wbuiltin-declaration-mismatch]
 char posix_memalign ();
      ^~~~~~~~~~~~~~
configure:15710: $? = 0
configure:15710: result: yes
configure:15710: checking for socket
configure:15710: /usr/local/gcc-8.3.0/bin/gcc -o conftest -g -O2 -pthread -fstack-protector   conftest.c  -lcares -lsodium -lmbedcrypto -lpcre  >&5
configure:15710: $? = 0
configure:15710: result: yes
configure:15732: checking ev.h usability
configure:15732: /usr/local/gcc-8.3.0/bin/gcc -c -g -O2 -pthread -fstack-protector  conftest.c >&5
configure:15732: $? = 0
configure:15732: result: yes
configure:15732: checking ev.h presence
configure:15732: /usr/local/gcc-8.3.0/bin/gcc -E  conftest.c
configure:15732: $? = 0
configure:15732: result: yes
configure:15732: checking for ev.h
configure:15732: result: yes
configure:15732: checking libev/ev.h usability
configure:15732: /usr/local/gcc-8.3.0/bin/gcc -c -g -O2 -pthread -fstack-protector  conftest.c >&5
conftest.c:117:10: fatal error: libev/ev.h: No such file or directory
 #include <libev/ev.h>
          ^~~~~~~~~~~~
compilation terminated.
configure:15732: $? = 1
configure: failed program was:
| /* confdefs.h */
| #define PACKAGE_NAME "shadowsocks-libev"
| #define PACKAGE_TARNAME "shadowsocks-libev"
| #define PACKAGE_VERSION "3.3.5"
| #define PACKAGE_STRING "shadowsocks-libev 3.3.5"
| #define PACKAGE_BUGREPORT "max.c.lv@gmail.com"
| #define PACKAGE_URL ""
| #define STDC_HEADERS 1
| #define HAVE_SYS_TYPES_H 1
| #define HAVE_SYS_STAT_H 1
| #define HAVE_STDLIB_H 1
| #define HAVE_STRING_H 1
| #define HAVE_MEMORY_H 1
| #define HAVE_STRINGS_H 1
| #define HAVE_INTTYPES_H 1
| #define HAVE_STDINT_H 1
| #define HAVE_UNISTD_H 1
| #define __EXTENSIONS__ 1
| #define _ALL_SOURCE 1
| #define _GNU_SOURCE 1
| #define _POSIX_PTHREAD_SEMANTICS 1
| #define _TANDEM_SOURCE 1
| #define PACKAGE "shadowsocks-libev"
| #define VERSION "3.3.5"
| #define HAVE_DLFCN_H 1
| #define LT_OBJDIR ".libs/"
| #define HAVE_PCRE_H 1
| #define HAVE_LIBPCRE 1
| #define TLS __thread
| #define restrict __restrict
| #define HAVE_NETDB_H 1
| #define HAVE_DECL_INET_NTOP 1
| #define HAVE_PTHREAD_PRIO_INHERIT 1
| #define HAVE_LIMITS_H 1
| #define HAVE_STDINT_H 1
| #define HAVE_INTTYPES_H 1
| #define HAVE_ARPA_INET_H 1
| #define HAVE_FCNTL_H 1
| #define HAVE_LANGINFO_H 1
| #define HAVE_LOCALE_H 1
| #define HAVE_LINUX_TCP_H 1
| #define HAVE_NETINET_TCP_H 1
| #define HAVE_NETDB_H 1
| #define HAVE_NETINET_IN_H 1
| #define HAVE_STDLIB_H 1
| #define HAVE_STRING_H 1
| #define HAVE_STRINGS_H 1
| #define HAVE_UNISTD_H 1
| #define HAVE_SYS_IOCTL_H 1
| #define HAVE_LINUX_RANDOM_H 1
| #define HAVE_SYS_SOCKET_H 1
| #define HAVE_NET_IF_H 1
| #define CONNECT_IN_PROGRESS EINPROGRESS
| #define HAVE_LINUX_IF_H 1
| #define HAVE_LINUX_NETFILTER_IPV4_H 1
| #define HAVE_LINUX_NETFILTER_IPV6_IP6_TABLES_H 1
| #define STDC_HEADERS 1
| #define HAVE_SYS_WAIT_H 1
| #define TIME_WITH_SYS_TIME 1
| #define HAVE_FORK 1
| #define HAVE_VFORK 1
| #define HAVE_WORKING_VFORK 1
| #define HAVE_WORKING_FORK 1
| #define HAVE_SYS_SELECT_H 1
| #define HAVE_SYS_SOCKET_H 1
| #define SELECT_TYPE_ARG1 int
| #define SELECT_TYPE_ARG234 (fd_set *)
| #define SELECT_TYPE_ARG5 (struct timeval *)
| #define RETSIGTYPE void
| #define HAVE_MEMSET 1
| #define HAVE_SELECT 1
| #define HAVE_SETRESUID 1
| #define HAVE_SETREUID 1
| #define HAVE_STRERROR 1
| #define HAVE_GET_CURRENT_DIR_NAME 1
| #define HAVE_GETPWNAM_R 1
| #define HAVE_SETRLIMIT 1
| #define HAVE_MALLOC 1
| #define HAVE_MEMSET 1
| #define HAVE_POSIX_MEMALIGN 1
| #define HAVE_SOCKET 1
| #define HAVE_EV_H 1
| /* end confdefs.h.  */
| #include <stdio.h>
| #ifdef HAVE_SYS_TYPES_H
| # include <sys/types.h>
| #endif
| #ifdef HAVE_SYS_STAT_H
| # include <sys/stat.h>
| #endif
| #ifdef STDC_HEADERS
| # include <stdlib.h>
| # include <stddef.h>
| #else
| # ifdef HAVE_STDLIB_H
| #  include <stdlib.h>
| # endif
| #endif
| #ifdef HAVE_STRING_H
| # if !defined STDC_HEADERS && defined HAVE_MEMORY_H
| #  include <memory.h>
| # endif
| # include <string.h>
| #endif
| #ifdef HAVE_STRINGS_H
| # include <strings.h>
| #endif
| #ifdef HAVE_INTTYPES_H
| # include <inttypes.h>
| #endif
| #ifdef HAVE_STDINT_H
| # include <stdint.h>
| #endif
| #ifdef HAVE_UNISTD_H
| # include <unistd.h>
| #endif
| #include <libev/ev.h>
configure:15732: result: no
configure:15732: checking libev/ev.h presence
configure:15732: /usr/local/gcc-8.3.0/bin/gcc -E  conftest.c
conftest.c:84:10: fatal error: libev/ev.h: No such file or directory
 #include <libev/ev.h>
          ^~~~~~~~~~~~
compilation terminated.
configure:15732: $? = 1
configure: failed program was:
| /* confdefs.h */
| #define PACKAGE_NAME "shadowsocks-libev"
| #define PACKAGE_TARNAME "shadowsocks-libev"
| #define PACKAGE_VERSION "3.3.5"
| #define PACKAGE_STRING "shadowsocks-libev 3.3.5"
| #define PACKAGE_BUGREPORT "max.c.lv@gmail.com"
| #define PACKAGE_URL ""
| #define STDC_HEADERS 1
| #define HAVE_SYS_TYPES_H 1
| #define HAVE_SYS_STAT_H 1
| #define HAVE_STDLIB_H 1
| #define HAVE_STRING_H 1
| #define HAVE_MEMORY_H 1
| #define HAVE_STRINGS_H 1
| #define HAVE_INTTYPES_H 1
| #define HAVE_STDINT_H 1
| #define HAVE_UNISTD_H 1
| #define __EXTENSIONS__ 1
| #define _ALL_SOURCE 1
| #define _GNU_SOURCE 1
| #define _POSIX_PTHREAD_SEMANTICS 1
| #define _TANDEM_SOURCE 1
| #define PACKAGE "shadowsocks-libev"
| #define VERSION "3.3.5"
| #define HAVE_DLFCN_H 1
| #define LT_OBJDIR ".libs/"
| #define HAVE_PCRE_H 1
| #define HAVE_LIBPCRE 1
| #define TLS __thread
| #define restrict __restrict
| #define HAVE_NETDB_H 1
| #define HAVE_DECL_INET_NTOP 1
| #define HAVE_PTHREAD_PRIO_INHERIT 1
| #define HAVE_LIMITS_H 1
| #define HAVE_STDINT_H 1
| #define HAVE_INTTYPES_H 1
| #define HAVE_ARPA_INET_H 1
| #define HAVE_FCNTL_H 1
| #define HAVE_LANGINFO_H 1
| #define HAVE_LOCALE_H 1
| #define HAVE_LINUX_TCP_H 1
| #define HAVE_NETINET_TCP_H 1
| #define HAVE_NETDB_H 1
| #define HAVE_NETINET_IN_H 1
| #define HAVE_STDLIB_H 1
| #define HAVE_STRING_H 1
| #define HAVE_STRINGS_H 1
| #define HAVE_UNISTD_H 1
| #define HAVE_SYS_IOCTL_H 1
| #define HAVE_LINUX_RANDOM_H 1
| #define HAVE_SYS_SOCKET_H 1
| #define HAVE_NET_IF_H 1
| #define CONNECT_IN_PROGRESS EINPROGRESS
| #define HAVE_LINUX_IF_H 1
| #define HAVE_LINUX_NETFILTER_IPV4_H 1
| #define HAVE_LINUX_NETFILTER_IPV6_IP6_TABLES_H 1
| #define STDC_HEADERS 1
| #define HAVE_SYS_WAIT_H 1
| #define TIME_WITH_SYS_TIME 1
| #define HAVE_FORK 1
| #define HAVE_VFORK 1
| #define HAVE_WORKING_VFORK 1
| #define HAVE_WORKING_FORK 1
| #define HAVE_SYS_SELECT_H 1
| #define HAVE_SYS_SOCKET_H 1
| #define SELECT_TYPE_ARG1 int
| #define SELECT_TYPE_ARG234 (fd_set *)
| #define SELECT_TYPE_ARG5 (struct timeval *)
| #define RETSIGTYPE void
| #define HAVE_MEMSET 1
| #define HAVE_SELECT 1
| #define HAVE_SETRESUID 1
| #define HAVE_SETREUID 1
| #define HAVE_STRERROR 1
| #define HAVE_GET_CURRENT_DIR_NAME 1
| #define HAVE_GETPWNAM_R 1
| #define HAVE_SETRLIMIT 1
| #define HAVE_MALLOC 1
| #define HAVE_MEMSET 1
| #define HAVE_POSIX_MEMALIGN 1
| #define HAVE_SOCKET 1
| #define HAVE_EV_H 1
| /* end confdefs.h.  */
| #include <libev/ev.h>
configure:15732: result: no
configure:15732: checking for libev/ev.h
configure:15732: result: no
configure:15742: checking for ev_loop_destroy in -lev
configure:15767: /usr/local/gcc-8.3.0/bin/gcc -o conftest -g -O2 -pthread -fstack-protector   conftest.c -lev   -lcares -lsodium -lmbedcrypto -lpcre  >&5
configure:15767: $? = 0
configure:15776: result: yes
configure:16688: checking that generated files are newer than configure
configure:16694: result: done
configure:16742: creating ./config.status

## ---------------------- ##
## Running config.status. ##
## ---------------------- ##

This file was extended by shadowsocks-libev config.status 3.3.5, which was
generated by GNU Autoconf 2.69.  Invocation command line was

  CONFIG_FILES    = 
  CONFIG_HEADERS  = 
  CONFIG_LINKS    = 
  CONFIG_COMMANDS = 
  $ ./config.status 

on localhost.localdomain

config.status:1178: creating shadowsocks-libev.pc
config.status:1178: creating Makefile
config.status:1178: creating doc/Makefile
config.status:1178: creating src/Makefile
config.status:1178: creating libbloom/Makefile
config.status:1178: creating libcork/Makefile
config.status:1178: creating libipset/Makefile
config.status:1178: creating config.h
config.status:1407: executing depfiles commands
config.status:1407: executing libtool commands

## ---------------- ##
## Cache variables. ##
## ---------------- ##

ac_cv_build=x86_64-unknown-linux-gnu
ac_cv_c_bigendian=no
ac_cv_c_compiler_gnu=yes
ac_cv_c_const=yes
ac_cv_c_inline=inline
ac_cv_c_restrict=__restrict
ac_cv_c_uint16_t=yes
ac_cv_c_uint8_t=yes
ac_cv_env_CC_set=set
ac_cv_env_CC_value=/usr/local/gcc-8.3.0/bin/gcc
ac_cv_env_CFLAGS_set=
ac_cv_env_CFLAGS_value=
ac_cv_env_CPPFLAGS_set=
ac_cv_env_CPPFLAGS_value=
ac_cv_env_CPP_set=
ac_cv_env_CPP_value=
ac_cv_env_LDFLAGS_set=
ac_cv_env_LDFLAGS_value=
ac_cv_env_LIBS_set=
ac_cv_env_LIBS_value=
ac_cv_env_NETFILTER_CONNTRACK_CFLAGS_set=
ac_cv_env_NETFILTER_CONNTRACK_CFLAGS_value=
ac_cv_env_NETFILTER_CONNTRACK_LIBS_set=
ac_cv_env_NETFILTER_CONNTRACK_LIBS_value=
ac_cv_env_NFTABLES_CFLAGS_set=
ac_cv_env_NFTABLES_CFLAGS_value=
ac_cv_env_NFTABLES_LIBS_set=
ac_cv_env_NFTABLES_LIBS_value=
ac_cv_env_PKG_CONFIG_LIBDIR_set=
ac_cv_env_PKG_CONFIG_LIBDIR_value=
ac_cv_env_PKG_CONFIG_PATH_set=
ac_cv_env_PKG_CONFIG_PATH_value=
ac_cv_env_PKG_CONFIG_set=
ac_cv_env_PKG_CONFIG_value=
ac_cv_env_build_alias_set=
ac_cv_env_build_alias_value=
ac_cv_env_host_alias_set=
ac_cv_env_host_alias_value=
ac_cv_env_target_alias_set=
ac_cv_env_target_alias_value=
ac_cv_func_dlopen=no
ac_cv_func_fork=yes
ac_cv_func_fork_works=yes
ac_cv_func_get_current_dir_name=yes
ac_cv_func_getpwnam_r=yes
ac_cv_func_malloc=yes
ac_cv_func_memset=yes
ac_cv_func_posix_memalign=yes
ac_cv_func_select=yes
ac_cv_func_select_args='int,fd_set *,struct timeval *'
ac_cv_func_setresuid=yes
ac_cv_func_setreuid=yes
ac_cv_func_setrlimit=yes
ac_cv_func_shl_load=no
ac_cv_func_socket=yes
ac_cv_func_strerror=yes
ac_cv_func_vfork=yes
ac_cv_func_vfork_works=yes
ac_cv_have_decl_inet_ntop=yes
ac_cv_header_arpa_inet_h=yes
ac_cv_header_dlfcn_h=yes
ac_cv_header_ev_h=yes
ac_cv_header_fcntl_h=yes
ac_cv_header_inttypes_h=yes
ac_cv_header_langinfo_h=yes
ac_cv_header_libev_ev_h=no
ac_cv_header_limits_h=yes
ac_cv_header_linux_if_h=yes
ac_cv_header_linux_netfilter_ipv4_h=yes
ac_cv_header_linux_netfilter_ipv6_ip6_tables_h=yes
ac_cv_header_linux_random_h=yes
ac_cv_header_linux_tcp_h=yes
ac_cv_header_locale_h=yes
ac_cv_header_memory_h=yes
ac_cv_header_minix_config_h=no
ac_cv_header_net_if_h=yes
ac_cv_header_netdb_h=yes
ac_cv_header_netinet_in_h=yes
ac_cv_header_netinet_tcp_h=yes
ac_cv_header_pcre_h=yes
ac_cv_header_pcre_pcre_h=no
ac_cv_header_stdc=yes
ac_cv_header_stdint_h=yes
ac_cv_header_stdlib_h=yes
ac_cv_header_string_h=yes
ac_cv_header_strings_h=yes
ac_cv_header_sys_ioctl_h=yes
ac_cv_header_sys_select_h=yes
ac_cv_header_sys_socket_h=yes
ac_cv_header_sys_stat_h=yes
ac_cv_header_sys_types_h=yes
ac_cv_header_sys_wait_h=yes
ac_cv_header_time=yes
ac_cv_header_unistd_h=yes
ac_cv_header_vfork_h=no
ac_cv_host=x86_64-unknown-linux-gnu
ac_cv_lib_cares_ares_library_init=yes
ac_cv_lib_dl_dlopen=yes
ac_cv_lib_dld_shl_load=no
ac_cv_lib_ev_ev_loop_destroy=yes
ac_cv_lib_mbedcrypto_mbedtls_cipher_setup=yes
ac_cv_lib_socket_connect=no
ac_cv_lib_sodium_sodium_init=yes
ac_cv_objext=o
ac_cv_path_ASCIIDOC=/usr/bin/asciidoc
ac_cv_path_EGREP='/usr/bin/grep -E'
ac_cv_path_FGREP='/usr/bin/grep -F'
ac_cv_path_GREP=/usr/bin/grep
ac_cv_path_GZIP=/usr/bin/gzip
ac_cv_path_MV=/usr/bin/mv
ac_cv_path_SED=/usr/bin/sed
ac_cv_path_XMLTO=/usr/bin/xmlto
ac_cv_path_install='/usr/bin/install -c'
ac_cv_path_mkdir=/usr/bin/mkdir
ac_cv_prog_AWK=gawk
ac_cv_prog_CPP='/usr/local/gcc-8.3.0/bin/gcc -E'
ac_cv_prog_PCRE_CONFIG=pcre-config
ac_cv_prog_ac_ct_AR=ar
ac_cv_prog_ac_ct_CC=/usr/local/gcc-8.3.0/bin/gcc
ac_cv_prog_ac_ct_OBJDUMP=objdump
ac_cv_prog_ac_ct_RANLIB=ranlib
ac_cv_prog_ac_ct_STRIP=strip
ac_cv_prog_cc__usr_local_gcc_8_3_0_bin_gcc_c_o=yes
ac_cv_prog_cc_c89=
ac_cv_prog_cc_g=yes
ac_cv_prog_make_make_set=yes
ac_cv_safe_to_define___extensions__=yes
ac_cv_search_inet_ntop='none required'
ac_cv_search_pcre_exec=-lpcre
ac_cv_tls=__thread
ac_cv_type_pid_t=yes
ac_cv_type_signal=void
ac_cv_type_size_t=yes
ac_cv_type_ssize_t=yes
am_cv_CC_dependencies_compiler_type=gcc3
am_cv_ar_interface=ar
am_cv_make_support_nested_variables=yes
ax_cv_PTHREAD_CLANG=no
ax_cv_PTHREAD_JOINABLE_ATTR=PTHREAD_CREATE_JOINABLE
ax_cv_PTHREAD_PRIO_INHERIT=yes
ax_cv_PTHREAD_SPECIAL_FLAGS=no
lt_cv_ar_at_file=@
lt_cv_deplibs_check_method=pass_all
lt_cv_dlopen=dlopen
lt_cv_dlopen_libs=-ldl
lt_cv_dlopen_self=yes
lt_cv_dlopen_self_static=no
lt_cv_file_magic_cmd='$MAGIC_CMD'
lt_cv_file_magic_test_file=
lt_cv_ld_reload_flag=-r
lt_cv_nm_interface='BSD nm'
lt_cv_objdir=.libs
lt_cv_path_LD=/usr/bin/ld
lt_cv_path_NM='/usr/bin/nm -B'
lt_cv_path_mainfest_tool=no
lt_cv_prog_compiler_c_o=yes
lt_cv_prog_compiler_pic='-fPIC -DPIC'
lt_cv_prog_compiler_pic_works=yes
lt_cv_prog_compiler_rtti_exceptions=no
lt_cv_prog_compiler_static_works=yes
lt_cv_prog_gnu_ld=yes
lt_cv_sharedlib_from_linklib_cmd='printf %s\n'
lt_cv_shlibpath_overrides_runpath=no
lt_cv_sys_global_symbol_pipe='sed -n -e '\''s/^.*[	 ]\([ABCDGIRSTW][ABCDGIRSTW]*\)[	 ][	 ]*\([_A-Za-z][_A-Za-z0-9]*\)$/\1 \2 \2/p'\'' | sed '\''/ __gnu_lto/d'\'''
lt_cv_sys_global_symbol_to_c_name_address='sed -n -e '\''s/^: \([^ ]*\)[ ]*$/  {\"\1\", (void *) 0},/p'\'' -e '\''s/^[ABCDGIRSTW]* \([^ ]*\) \([^ ]*\)$/  {"\2", (void *) \&\2},/p'\'''
lt_cv_sys_global_symbol_to_c_name_address_lib_prefix='sed -n -e '\''s/^: \([^ ]*\)[ ]*$/  {\"\1\", (void *) 0},/p'\'' -e '\''s/^[ABCDGIRSTW]* \([^ ]*\) \(lib[^ ]*\)$/  {"\2", (void *) \&\2},/p'\'' -e '\''s/^[ABCDGIRSTW]* \([^ ]*\) \([^ ]*\)$/  {"lib\2", (void *) \&\2},/p'\'''
lt_cv_sys_global_symbol_to_cdecl='sed -n -e '\''s/^T .* \(.*\)$/extern int \1();/p'\'' -e '\''s/^[ABCDGIRSTW]* .* \(.*\)$/extern char \1;/p'\'''
lt_cv_sys_max_cmd_len=1572864
lt_cv_to_host_file_cmd=func_convert_file_noop
lt_cv_to_tool_file_cmd=func_convert_file_noop

## ----------------- ##
## Output variables. ##
## ----------------- ##

ACLOCAL='${SHELL} /root/BVPN/third_party/shadowsocks-libev/auto/missing aclocal-1.13'
AMDEPBACKSLASH='\'
AMDEP_FALSE='#'
AMDEP_TRUE=''
AMTAR='$${TAR-tar}'
AM_BACKSLASH='\'
AM_DEFAULT_V='$(AM_DEFAULT_VERBOSITY)'
AM_DEFAULT_VERBOSITY='0'
AM_V='$(V)'
AR='ar'
ASCIIDOC='/usr/bin/asciidoc'
AUTOCONF='${SHELL} /root/BVPN/third_party/shadowsocks-libev/auto/missing autoconf'
AUTOHEADER='${SHELL} /root/BVPN/third_party/shadowsocks-libev/auto/missing autoheader'
AUTOMAKE='${SHELL} /root/BVPN/third_party/shadowsocks-libev/auto/missing automake-1.13'
AWK='gawk'
BUILD_REDIRECTOR_FALSE='#'
BUILD_REDIRECTOR_TRUE=''
BUILD_WINCOMPAT_FALSE=''
BUILD_WINCOMPAT_TRUE='#'
CC='/usr/local/gcc-8.3.0/bin/gcc'
CCDEPMODE='depmode=gcc3'
CFLAGS='-g -O2 -pthread -fstack-protector'
CPP='/usr/local/gcc-8.3.0/bin/gcc -E'
CPPFLAGS=''
CYGPATH_W='echo'
DEFS='-DHAVE_CONFIG_H'
DEPDIR='.deps'
DLLTOOL='false'
DSYMUTIL=''
DUMPBIN=''
ECHO_C=''
ECHO_N='-n'
ECHO_T=''
EGREP='/usr/bin/grep -E'
ENABLE_DOCUMENTATION_FALSE='#'
ENABLE_DOCUMENTATION_TRUE=''
EXEEXT=''
FGREP='/usr/bin/grep -F'
GREP='/usr/bin/grep'
GZIP='/usr/bin/gzip'
INET_NTOP_LIB=''
INSTALL_DATA='${INSTALL} -m 644'
INSTALL_PROGRAM='${INSTALL}'
INSTALL_SCRIPT='${INSTALL}'
INSTALL_STRIP_PROGRAM='$(install_sh) -c -s'
LD='/usr/bin/ld -m elf_x86_64'
LDFLAGS=''
LIBOBJS=''
LIBPCRE='-lpcre'
LIBS='-lev  -lcares -lsodium -lmbedcrypto -lpcre '
LIBTOOL='$(SHELL) $(top_builddir)/libtool'
LIPO=''
LN_S='ln -s'
LTLIBOBJS=''
MAINT='#'
MAINTAINER_MODE_FALSE=''
MAINTAINER_MODE_TRUE='#'
MAKEINFO='${SHELL} /root/BVPN/third_party/shadowsocks-libev/auto/missing makeinfo'
MANIFEST_TOOL=':'
MKDIR_P='/usr/bin/mkdir -p'
MV='/usr/bin/mv'
NETFILTER_CONNTRACK_CFLAGS=''
NETFILTER_CONNTRACK_LIBS=''
NFTABLES_CFLAGS=''
NFTABLES_LIBS=''
NM='/usr/bin/nm -B'
NMEDIT=''
OBJDUMP='objdump'
OBJEXT='o'
OTOOL64=''
OTOOL=''
PACKAGE='shadowsocks-libev'
PACKAGE_BUGREPORT='max.c.lv@gmail.com'
PACKAGE_NAME='shadowsocks-libev'
PACKAGE_STRING='shadowsocks-libev 3.3.5'
PACKAGE_TARNAME='shadowsocks-libev'
PACKAGE_URL=''
PACKAGE_VERSION='3.3.5'
PATH_SEPARATOR=':'
PCRE_CONFIG='pcre-config'
PKG_CONFIG=''
PKG_CONFIG_LIBDIR=''
PKG_CONFIG_PATH=''
PTHREAD_CC='/usr/local/gcc-8.3.0/bin/gcc'
PTHREAD_CFLAGS='-pthread'
PTHREAD_LIBS=''
RANLIB='ranlib'
SED='/usr/bin/sed'
SET_MAKE=''
SHELL='/bin/sh'
STRIP='strip'
USE_SYSTEM_SHARED_LIB_FALSE=''
USE_SYSTEM_SHARED_LIB_TRUE='#'
VERSION='3.3.5'
XMLTO='/usr/bin/xmlto'
ac_ct_AR='ar'
ac_ct_CC='/usr/local/gcc-8.3.0/bin/gcc'
ac_ct_DUMPBIN=''
am__EXEEXT_FALSE=''
am__EXEEXT_TRUE='#'
am__fastdepCC_FALSE='#'
am__fastdepCC_TRUE=''
am__include='include'
am__isrc=''
am__leading_dot='.'
am__nodep='_no'
am__quote=''
am__tar='$${TAR-tar} chof - "$$tardir"'
am__untar='$${TAR-tar} xf -'
ax_pthread_config=''
bindir='${exec_prefix}/bin'
build='x86_64-unknown-linux-gnu'
build_alias=''
build_cpu='x86_64'
build_os='linux-gnu'
build_vendor='unknown'
datadir='${datarootdir}'
datarootdir='${prefix}/share'
docdir='${datarootdir}/doc/${PACKAGE_TARNAME}'
dvidir='${docdir}'
exec_prefix='${prefix}'
host='x86_64-unknown-linux-gnu'
host_alias=''
host_cpu='x86_64'
host_os='linux-gnu'
host_vendor='unknown'
htmldir='${docdir}'
includedir='${prefix}/include'
infodir='${datarootdir}/info'
install_sh='${SHELL} /root/BVPN/third_party/shadowsocks-libev/auto/install-sh'
libdir='${exec_prefix}/lib'
libexecdir='${exec_prefix}/libexec'
localedir='${datarootdir}/locale'
localstatedir='${prefix}/var'
mandir='${datarootdir}/man'
mkdir_p='$(MKDIR_P)'
oldincludedir='/usr/include'
pcre_pcreh='0'
pcreh='0'
pdfdir='${docdir}'
prefix='/usr/local'
program_transform_name='s,x,x,'
psdir='${docdir}'
sbindir='${exec_prefix}/sbin'
sharedstatedir='${prefix}/com'
sysconfdir='${prefix}/etc'
target_alias=''

## ----------- ##
## confdefs.h. ##
## ----------- ##

/* confdefs.h */
#define PACKAGE_NAME "shadowsocks-libev"
#define PACKAGE_TARNAME "shadowsocks-libev"
#define PACKAGE_VERSION "3.3.5"
#define PACKAGE_STRING "shadowsocks-libev 3.3.5"
#define PACKAGE_BUGREPORT "max.c.lv@gmail.com"
#define PACKAGE_URL ""
#define STDC_HEADERS 1
#define HAVE_SYS_TYPES_H 1
#define HAVE_SYS_STAT_H 1
#define HAVE_STDLIB_H 1
#define HAVE_STRING_H 1
#define HAVE_MEMORY_H 1
#define HAVE_STRINGS_H 1
#define HAVE_INTTYPES_H 1
#define HAVE_STDINT_H 1
#define HAVE_UNISTD_H 1
#define __EXTENSIONS__ 1
#define _ALL_SOURCE 1
#define _GNU_SOURCE 1
#define _POSIX_PTHREAD_SEMANTICS 1
#define _TANDEM_SOURCE 1
#define PACKAGE "shadowsocks-libev"
#define VERSION "3.3.5"
#define HAVE_DLFCN_H 1
#define LT_OBJDIR ".libs/"
#define HAVE_PCRE_H 1
#define HAVE_LIBPCRE 1
#define TLS __thread
#define restrict __restrict
#define HAVE_NETDB_H 1
#define HAVE_DECL_INET_NTOP 1
#define HAVE_PTHREAD_PRIO_INHERIT 1
#define HAVE_LIMITS_H 1
#define HAVE_STDINT_H 1
#define HAVE_INTTYPES_H 1
#define HAVE_ARPA_INET_H 1
#define HAVE_FCNTL_H 1
#define HAVE_LANGINFO_H 1
#define HAVE_LOCALE_H 1
#define HAVE_LINUX_TCP_H 1
#define HAVE_NETINET_TCP_H 1
#define HAVE_NETDB_H 1
#define HAVE_NETINET_IN_H 1
#define HAVE_STDLIB_H 1
#define HAVE_STRING_H 1
#define HAVE_STRINGS_H 1
#define HAVE_UNISTD_H 1
#define HAVE_SYS_IOCTL_H 1
#define HAVE_LINUX_RANDOM_H 1
#define HAVE_SYS_SOCKET_H 1
#define HAVE_NET_IF_H 1
#define CONNECT_IN_PROGRESS EINPROGRESS
#define HAVE_LINUX_IF_H 1
#define HAVE_LINUX_NETFILTER_IPV4_H 1
#define HAVE_LINUX_NETFILTER_IPV6_IP6_TABLES_H 1
#define STDC_HEADERS 1
#define HAVE_SYS_WAIT_H 1
#define TIME_WITH_SYS_TIME 1
#define HAVE_FORK 1
#define HAVE_VFORK 1
#define HAVE_WORKING_VFORK 1
#define HAVE_WORKING_FORK 1
#define HAVE_SYS_SELECT_H 1
#define HAVE_SYS_SOCKET_H 1
#define SELECT_TYPE_ARG1 int
#define SELECT_TYPE_ARG234 (fd_set *)
#define SELECT_TYPE_ARG5 (struct timeval *)
#define RETSIGTYPE void
#define HAVE_MEMSET 1
#define HAVE_SELECT 1
#define HAVE_SETRESUID 1
#define HAVE_SETREUID 1
#define HAVE_STRERROR 1
#define HAVE_GET_CURRENT_DIR_NAME 1
#define HAVE_GETPWNAM_R 1
#define HAVE_SETRLIMIT 1
#define HAVE_MALLOC 1
#define HAVE_MEMSET 1
#define HAVE_POSIX_MEMALIGN 1
#define HAVE_SOCKET 1
#define HAVE_EV_H 1

configure: exit 0
